2026-03-31 00:38:38.952052 - Estado cambiado: ON
2026-03-31 00:38:38.953062 - Encendiendo bot...
2026-03-31 01:19:57.718363 - Estado cambiado: ON
2026-03-31 01:19:57.734076 - Encendiendo bot...
2026-03-31 01:22:47.812903 - Estado cambiado: OFF
2026-03-31 07:36:32.075196 - Estado cambiado: OFF
2026-03-31 11:21:21.814735 - Estado cambiado: ON
2026-03-31 11:21:21.814735 - Encendiendo bot...
2026-03-31 11:27:29.286985 - Estado cambiado: ON
2026-03-31 11:27:29.304238 - Estado leído: ON
2026-03-31 11:27:29.324403 - Encendiendo bot...
2026-03-31 11:27:44.462369 - Estado leído: ON
2026-03-31 11:27:49.492176 - Estado leído: ON
2026-03-31 11:27:54.506007 - Estado leído: ON
2026-03-31 11:27:59.525998 - Estado leído: ON
2026-03-31 11:28:04.554041 - Estado leído: ON
2026-03-31 11:28:09.569134 - Estado leído: ON
2026-03-31 11:28:14.580481 - Estado leído: ON
2026-03-31 11:28:19.591489 - Estado leído: ON
2026-03-31 11:28:24.602549 - Estado leído: ON
2026-03-31 11:28:29.612778 - Estado leído: ON
2026-03-31 11:28:34.623816 - Estado leído: ON
2026-03-31 11:28:39.633333 - Estado leído: ON
2026-03-31 11:28:44.643550 - Estado leído: ON
2026-03-31 11:28:49.655152 - Estado leído: ON
2026-03-31 11:28:54.664794 - Estado leído: ON
2026-03-31 11:28:59.676395 - Estado leído: ON
2026-03-31 11:29:04.690669 - Estado leído: ON
2026-03-31 11:29:09.703326 - Estado leído: ON
2026-03-31 11:29:14.718713 - Estado leído: ON
2026-03-31 11:29:19.729218 - Estado leído: ON
2026-03-31 11:29:24.738993 - Estado leído: ON
2026-03-31 11:29:29.750571 - Estado leído: ON
2026-03-31 11:29:34.760955 - Estado leído: ON
2026-03-31 11:29:39.772065 - Estado leído: ON
2026-03-31 11:29:44.782182 - Estado leído: ON
2026-03-31 11:29:49.797477 - Estado leído: ON
2026-03-31 11:29:54.809596 - Estado leído: ON
2026-03-31 11:29:59.821836 - Estado leído: ON
2026-03-31 11:30:04.833133 - Estado leído: ON
2026-03-31 11:30:09.851204 - Estado leído: ON
2026-03-31 11:30:14.864188 - Estado leído: ON
2026-03-31 11:30:19.880077 - Estado leído: ON
2026-03-31 11:30:24.900425 - Estado leído: ON
2026-03-31 11:30:29.913418 - Estado leído: ON
2026-03-31 11:30:34.938600 - Estado cambiado: OFF
2026-03-31 11:30:34.940255 - Estado leído: OFF
2026-03-31 11:30:39.941530 - Estado leído: OFF
2026-03-31 11:30:44.942141 - Estado leído: OFF
2026-03-31 11:30:49.944508 - Estado leído: OFF
2026-03-31 11:30:54.945725 - Estado leído: OFF
2026-03-31 11:30:59.947405 - Estado leído: OFF
2026-03-31 11:31:04.948275 - Estado leído: OFF
2026-03-31 11:31:09.949510 - Estado leído: OFF
2026-03-31 11:31:14.951378 - Estado leído: OFF
2026-03-31 11:31:19.953495 - Estado leído: OFF
2026-03-31 11:31:24.954971 - Estado leído: OFF
2026-03-31 11:31:29.955618 - Estado leído: OFF
2026-03-31 11:31:34.957994 - Estado leído: OFF
2026-03-31 11:31:39.958741 - Estado leído: OFF
2026-03-31 11:31:44.960887 - Estado leído: OFF
2026-03-31 11:31:49.961689 - Estado leído: OFF
2026-03-31 11:31:54.962684 - Estado leído: OFF
2026-03-31 11:31:59.964178 - Estado leído: OFF
2026-03-31 11:32:04.968004 - Estado leído: OFF
2026-03-31 11:32:09.969173 - Estado leído: OFF
2026-03-31 11:32:14.970516 - Estado leído: OFF
2026-03-31 11:32:19.975538 - Estado leído: OFF
2026-03-31 11:32:24.978280 - Estado leído: OFF
2026-03-31 11:32:29.979379 - Estado leído: OFF
2026-03-31 11:32:34.982232 - Estado leído: OFF
2026-03-31 11:32:39.983707 - Estado leído: OFF
2026-03-31 11:32:44.985093 - Estado leído: OFF
2026-03-31 11:32:49.986438 - Estado leído: OFF
2026-03-31 11:32:54.988377 - Estado leído: OFF
2026-03-31 11:32:59.989213 - Estado leído: OFF
2026-03-31 11:33:04.991388 - Estado leído: OFF
2026-03-31 11:33:09.992691 - Estado leído: OFF
2026-03-31 11:33:14.993448 - Estado leído: OFF
2026-03-31 11:33:19.994938 - Estado leído: OFF
2026-03-31 11:33:24.996578 - Estado leído: OFF
2026-03-31 11:33:29.998222 - Estado leído: OFF
2026-03-31 11:33:35.000277 - Estado leído: OFF
2026-03-31 11:33:40.001708 - Estado leído: OFF
2026-03-31 11:33:45.002443 - Estado leído: OFF
2026-03-31 11:33:50.004361 - Estado leído: OFF
2026-03-31 11:33:55.005953 - Estado leído: OFF
2026-03-31 11:34:00.007196 - Estado leído: OFF
2026-03-31 11:34:05.008334 - Estado leído: OFF
2026-03-31 11:34:10.010601 - Estado leído: OFF
2026-03-31 11:34:15.011175 - Estado leído: OFF
2026-03-31 11:34:20.012685 - Estado leído: OFF
2026-03-31 11:34:25.014957 - Estado leído: OFF
2026-03-31 11:34:30.016568 - Estado leído: OFF
2026-03-31 11:34:35.017896 - Estado leído: OFF
2026-03-31 11:34:40.019551 - Estado leído: OFF
2026-03-31 11:34:45.021639 - Estado leído: OFF
2026-03-31 11:34:50.022176 - Estado leído: OFF
2026-03-31 11:34:55.023362 - Estado leído: OFF
2026-03-31 11:35:00.024666 - Estado leído: OFF
2026-03-31 11:35:05.026061 - Estado leído: OFF
2026-03-31 11:35:10.027415 - Estado leído: OFF
2026-03-31 11:35:15.028962 - Estado leído: OFF
2026-03-31 11:35:20.030390 - Estado leído: OFF
2026-03-31 11:35:25.031296 - Estado leído: OFF
2026-03-31 11:35:30.032924 - Estado leído: OFF
2026-03-31 11:35:35.034231 - Estado leído: OFF
2026-03-31 11:35:40.035508 - Estado leído: OFF
2026-03-31 11:35:45.036522 - Estado leído: OFF
2026-03-31 11:35:50.038694 - Estado leído: OFF
2026-03-31 11:35:55.040049 - Estado leído: OFF
2026-03-31 11:36:00.041373 - Estado leído: OFF
2026-03-31 11:36:05.042029 - Estado leído: OFF
2026-03-31 11:36:10.043695 - Estado leído: OFF
2026-03-31 11:36:15.045184 - Estado leído: OFF
2026-03-31 11:36:20.047077 - Estado leído: OFF
2026-03-31 11:36:25.049278 - Estado leído: OFF
2026-03-31 11:36:30.050722 - Estado leído: OFF
2026-03-31 11:36:35.051411 - Estado leído: OFF
2026-03-31 11:36:40.053819 - Estado leído: OFF
2026-03-31 11:36:45.054889 - Estado leído: OFF
2026-03-31 11:36:50.056748 - Estado leído: OFF
2026-03-31 11:36:55.058278 - Estado leído: OFF
2026-03-31 11:37:00.059077 - Estado leído: OFF
2026-03-31 11:37:05.060693 - Estado leído: OFF
2026-03-31 11:37:10.061564 - Estado leído: OFF
2026-03-31 11:37:15.062858 - Estado leído: OFF
2026-03-31 11:37:20.064150 - Estado leído: OFF
2026-03-31 11:37:25.065166 - Estado leído: OFF
2026-03-31 11:37:30.067515 - Estado leído: OFF
2026-03-31 11:37:35.068066 - Estado leído: OFF
2026-03-31 11:37:40.069279 - Estado leído: OFF
2026-03-31 11:37:45.071318 - Estado leído: OFF
2026-03-31 11:37:50.072274 - Estado leído: OFF
2026-03-31 11:37:55.073231 - Estado leído: OFF
2026-03-31 11:38:00.074614 - Estado leído: OFF
2026-03-31 11:38:05.077392 - Estado leído: OFF
2026-03-31 11:38:10.079042 - Estado leído: OFF
2026-03-31 11:38:15.081368 - Estado leído: OFF
2026-03-31 11:38:20.082477 - Estado leído: OFF
2026-03-31 11:38:25.084031 - Estado leído: OFF
2026-03-31 11:38:30.085194 - Estado leído: OFF
2026-03-31 11:38:35.087502 - Estado leído: OFF
2026-03-31 11:38:40.088004 - Estado leído: OFF
2026-03-31 11:38:45.089003 - Estado leído: OFF
2026-03-31 11:38:50.090937 - Estado leído: OFF
2026-03-31 11:38:55.091684 - Estado leído: OFF
2026-03-31 11:39:00.093244 - Estado leído: OFF
2026-03-31 11:39:05.094310 - Estado leído: OFF
2026-03-31 11:39:10.096111 - Estado leído: OFF
2026-03-31 11:39:15.096873 - Estado leído: OFF
2026-03-31 11:39:20.098703 - Estado leído: OFF
2026-03-31 11:39:25.100586 - Estado leído: OFF
2026-03-31 11:39:30.101586 - Estado leído: OFF
2026-03-31 11:39:35.103399 - Estado leído: OFF
2026-03-31 11:39:40.105501 - Estado leído: OFF
2026-03-31 11:39:45.107815 - Estado leído: OFF
2026-03-31 11:39:50.109133 - Estado leído: OFF
2026-03-31 11:39:55.109739 - Estado leído: OFF
2026-03-31 11:40:00.110906 - Estado leído: OFF
2026-03-31 11:40:05.112314 - Estado leído: OFF
2026-03-31 11:40:10.114295 - Estado leído: OFF
2026-03-31 11:40:15.115568 - Estado leído: OFF
2026-03-31 11:40:20.116890 - Estado leído: OFF
2026-03-31 11:40:25.118593 - Estado leído: OFF
2026-03-31 11:40:30.118994 - Estado leído: OFF
2026-03-31 11:40:35.119919 - Estado leído: OFF
2026-03-31 11:40:40.122237 - Estado leído: OFF
2026-03-31 11:40:45.122898 - Estado leído: OFF
2026-03-31 11:40:50.123994 - Estado leído: OFF
2026-03-31 11:40:55.125406 - Estado leído: OFF
2026-03-31 11:41:00.126765 - Estado leído: OFF
2026-03-31 11:41:05.128438 - Estado leído: OFF
2026-03-31 11:41:10.129954 - Estado leído: OFF
2026-03-31 11:41:15.131165 - Estado leído: OFF
2026-03-31 11:41:20.132669 - Estado leído: OFF
2026-03-31 11:41:25.134121 - Estado leído: OFF
2026-03-31 11:41:30.136334 - Estado leído: OFF
2026-03-31 11:41:35.137852 - Estado leído: OFF
2026-03-31 11:41:40.138837 - Estado leído: OFF
2026-03-31 11:41:45.141362 - Estado leído: OFF
2026-03-31 11:41:50.142843 - Estado leído: OFF
2026-03-31 11:41:55.165430 - Estado leído: OFF
2026-03-31 11:42:00.166908 - Estado leído: OFF
2026-03-31 11:42:05.168410 - Estado leído: OFF
2026-03-31 11:42:10.170357 - Estado leído: OFF
2026-03-31 11:42:15.172816 - Estado leído: OFF
2026-03-31 11:42:20.173473 - Estado leído: OFF
2026-03-31 11:42:25.176799 - Estado leído: OFF
2026-03-31 11:42:30.178108 - Estado leído: OFF
2026-03-31 11:42:35.180401 - Estado leído: OFF
2026-03-31 11:42:40.181743 - Estado leído: OFF
2026-03-31 11:42:45.184128 - Estado leído: OFF
2026-03-31 11:42:50.184779 - Estado leído: OFF
2026-03-31 11:42:55.186944 - Estado leído: OFF
2026-03-31 11:43:00.187391 - Estado leído: OFF
2026-03-31 11:43:05.188817 - Estado leído: OFF
2026-03-31 11:43:10.190997 - Estado leído: OFF
2026-03-31 11:43:15.192134 - Estado leído: OFF
2026-03-31 11:43:20.193793 - Estado leído: OFF
2026-03-31 11:43:25.195224 - Estado leído: OFF
2026-03-31 11:43:30.196836 - Estado leído: OFF
2026-03-31 11:43:35.198350 - Estado leído: OFF
2026-03-31 11:43:40.199966 - Estado leído: OFF
2026-03-31 11:43:45.200773 - Estado leído: OFF
2026-03-31 11:43:50.202044 - Estado leído: OFF
2026-03-31 11:43:55.204596 - Estado leído: OFF
2026-03-31 11:44:00.222843 - Estado leído: OFF
2026-03-31 11:44:05.224188 - Estado leído: OFF
2026-03-31 11:44:10.225872 - Estado leído: OFF
2026-03-31 11:44:15.228561 - Estado leído: OFF
2026-03-31 11:44:20.228898 - Estado leído: OFF
2026-03-31 11:44:25.231910 - Estado leído: OFF
2026-03-31 11:44:30.234668 - Estado leído: OFF
2026-03-31 11:44:35.235612 - Estado leído: OFF
2026-03-31 11:44:40.237901 - Estado leído: OFF
2026-03-31 11:44:45.238871 - Estado leído: OFF
2026-03-31 11:44:50.239803 - Estado leído: OFF
2026-03-31 11:44:55.241389 - Estado leído: OFF
2026-03-31 11:45:00.242624 - Estado leído: OFF
2026-03-31 11:45:05.244953 - Estado leído: OFF
2026-03-31 11:45:10.246452 - Estado leído: OFF
2026-03-31 11:45:15.248194 - Estado leído: OFF
2026-03-31 11:45:20.249290 - Estado leído: OFF
2026-03-31 11:45:25.250571 - Estado leído: OFF
2026-03-31 11:45:30.251835 - Estado leído: OFF
2026-03-31 11:45:35.253703 - Estado leído: OFF
2026-03-31 11:45:40.255365 - Estado leído: OFF
2026-03-31 11:45:45.256332 - Estado leído: OFF
2026-03-31 11:45:50.257571 - Estado leído: OFF
2026-03-31 11:45:55.258838 - Estado leído: OFF
2026-03-31 11:46:00.260661 - Estado leído: OFF
2026-03-31 11:46:05.262538 - Estado cambiado: ON
2026-03-31 11:46:05.262538 - Estado leído: ON
2026-03-31 11:46:05.276003 - Encendiendo bot...
2026-03-31 11:46:20.338757 - Estado leído: ON
2026-03-31 11:46:25.341412 - Estado leído: ON
2026-03-31 11:46:30.343881 - Estado leído: ON
2026-03-31 11:46:35.344907 - Estado leído: ON
2026-03-31 11:46:40.346422 - Estado leído: ON
2026-03-31 11:46:45.348239 - Estado leído: ON
2026-03-31 11:46:50.349929 - Estado leído: ON
2026-03-31 11:46:55.351827 - Estado leído: ON
2026-03-31 11:47:00.353571 - Estado leído: ON
2026-03-31 11:47:05.354978 - Estado leído: ON
2026-03-31 11:47:10.357002 - Estado leído: ON
2026-03-31 11:47:15.358748 - Estado leído: ON
2026-03-31 11:47:20.360635 - Estado leído: ON
2026-03-31 11:47:25.362530 - Estado leído: ON
2026-03-31 11:47:30.364012 - Estado leído: ON
2026-03-31 11:47:35.365652 - Estado leído: ON
2026-03-31 11:47:40.367443 - Estado leído: ON
2026-03-31 11:47:45.369733 - Estado leído: ON
2026-03-31 11:47:50.371211 - Estado leído: ON
2026-03-31 11:47:55.372881 - Estado leído: ON
2026-03-31 11:48:00.374381 - Estado leído: ON
2026-03-31 11:48:05.375962 - Estado leído: ON
2026-03-31 11:48:10.378149 - Estado leído: ON
2026-03-31 11:48:15.379992 - Estado leído: ON
2026-03-31 11:48:20.387220 - Estado leído: ON
2026-03-31 11:48:25.409121 - Estado leído: ON
2026-03-31 11:48:30.410837 - Estado leído: ON
2026-03-31 11:48:35.413469 - Estado leído: ON
2026-03-31 11:48:40.414439 - Estado leído: ON
2026-03-31 11:48:45.415962 - Estado leído: ON
2026-03-31 11:48:50.418544 - Estado leído: ON
2026-03-31 11:48:55.420369 - Estado leído: ON
2026-03-31 11:49:00.421665 - Estado leído: ON
2026-03-31 11:49:05.423141 - Estado leído: ON
2026-03-31 11:49:10.425530 - Estado leído: ON
2026-03-31 11:49:15.426637 - Estado leído: ON
2026-03-31 11:49:20.428589 - Estado leído: ON
2026-03-31 11:49:25.430839 - Estado leído: ON
2026-03-31 11:49:30.432084 - Estado leído: ON
2026-03-31 11:49:35.433968 - Estado leído: ON
2026-03-31 11:49:40.435045 - Estado leído: ON
2026-03-31 11:49:45.436896 - Estado leído: ON
2026-03-31 11:49:50.439633 - Estado leído: ON
2026-03-31 11:49:55.440919 - Estado leído: ON
2026-03-31 11:50:00.443246 - Estado leído: ON
2026-03-31 11:50:05.444634 - Estado leído: ON
2026-03-31 11:50:10.447294 - Estado leído: ON
2026-03-31 11:50:15.449303 - Estado leído: ON
2026-03-31 11:50:20.451027 - Estado leído: ON
2026-03-31 11:50:25.453169 - Estado leído: ON
2026-03-31 11:50:30.454986 - Estado leído: ON
2026-03-31 11:50:35.457160 - Estado leído: ON
2026-03-31 11:50:40.459006 - Estado leído: ON
2026-03-31 11:50:45.461860 - Estado leído: ON
2026-03-31 11:50:50.465320 - Estado leído: ON
2026-03-31 11:50:55.468783 - Estado leído: ON
2026-03-31 11:51:00.470186 - Estado leído: ON
2026-03-31 11:51:05.473032 - Estado leído: ON
2026-03-31 11:51:10.475189 - Estado leído: ON
2026-03-31 11:51:15.477605 - Estado leído: ON
2026-03-31 11:51:20.479301 - Estado leído: ON
2026-03-31 11:51:25.482362 - Estado leído: ON
2026-03-31 11:51:30.483473 - Estado leído: ON
2026-03-31 11:51:35.486253 - Estado leído: ON
2026-03-31 11:51:40.488131 - Estado leído: ON
2026-03-31 11:51:45.490321 - Estado leído: ON
2026-03-31 11:51:50.492094 - Estado leído: ON
2026-03-31 11:51:55.493791 - Estado leído: ON
2026-03-31 11:52:00.496293 - Estado leído: ON
2026-03-31 11:52:05.497896 - Estado leído: ON
2026-03-31 11:52:10.499256 - Estado leído: ON
2026-03-31 11:52:15.501326 - Estado leído: ON
2026-03-31 11:52:20.502452 - Estado leído: ON
2026-03-31 11:52:25.504683 - Estado leído: ON
2026-03-31 11:52:30.506039 - Estado leído: ON
2026-03-31 11:52:35.508286 - Estado leído: ON
2026-03-31 11:52:40.509692 - Estado leído: ON
2026-03-31 11:52:45.511935 - Estado leído: ON
2026-03-31 11:52:50.513072 - Estado leído: ON
2026-03-31 11:52:55.514728 - Estado leído: ON
2026-03-31 11:53:00.518284 - Estado leído: ON
2026-03-31 11:53:05.518899 - Estado leído: ON
2026-03-31 11:53:10.521080 - Estado leído: ON
2026-03-31 11:53:15.521939 - Estado leído: ON
2026-03-31 11:53:20.524920 - Estado leído: ON
2026-03-31 11:53:25.527066 - Estado leído: ON
2026-03-31 11:53:30.528631 - Estado leído: ON
2026-03-31 11:53:35.530288 - Estado leído: ON
2026-03-31 11:53:40.532094 - Estado leído: ON
2026-03-31 11:53:45.534100 - Estado leído: ON
2026-03-31 11:53:50.535986 - Estado leído: ON
2026-03-31 11:53:55.537687 - Estado leído: ON
2026-03-31 11:54:00.540786 - Estado leído: ON
2026-03-31 11:54:05.543103 - Estado leído: ON
2026-03-31 11:54:10.544651 - Estado leído: ON
2026-03-31 11:54:15.545946 - Estado leído: ON
2026-03-31 11:54:20.547921 - Estado leído: ON
2026-03-31 11:54:25.549516 - Estado leído: ON
2026-03-31 11:54:30.555493 - Estado leído: ON
2026-03-31 11:54:35.557691 - Estado leído: ON
2026-03-31 11:54:40.559139 - Estado leído: ON
2026-03-31 11:54:45.560573 - Estado leído: ON
2026-03-31 11:54:50.562131 - Estado leído: ON
2026-03-31 11:54:55.564378 - Estado leído: ON
2026-03-31 11:55:00.566286 - Estado leído: ON
2026-03-31 11:55:05.568127 - Estado leído: ON
2026-03-31 11:55:10.571138 - Estado leído: ON
2026-03-31 11:55:15.573007 - Estado leído: ON
2026-03-31 11:55:20.579927 - Estado leído: ON
2026-03-31 11:55:25.584531 - Estado leído: ON
2026-03-31 11:55:30.589028 - Estado leído: ON
2026-03-31 11:55:35.593962 - Estado leído: ON
2026-03-31 11:55:40.595530 - Estado leído: ON
2026-03-31 11:55:45.597361 - Estado leído: ON
2026-03-31 11:55:50.598839 - Estado leído: ON
2026-03-31 11:55:55.600832 - Estado leído: ON
2026-03-31 11:56:00.603337 - Estado leído: ON
2026-03-31 11:56:05.604128 - Estado leído: ON
2026-03-31 11:56:10.606141 - Estado leído: ON
2026-03-31 11:56:15.608452 - Estado leído: ON
2026-03-31 11:56:20.610069 - Estado leído: ON
2026-03-31 11:56:25.612432 - Estado leído: ON
2026-03-31 11:56:30.614420 - Estado leído: ON
2026-03-31 11:56:35.616517 - Estado leído: ON
2026-03-31 11:56:40.617966 - Estado leído: ON
2026-03-31 11:56:45.619475 - Estado leído: ON
2026-03-31 11:56:50.621093 - Estado leído: ON
2026-03-31 11:56:55.622988 - Estado leído: ON
2026-03-31 11:57:00.625223 - Estado leído: ON
2026-03-31 11:57:05.626234 - Estado leído: ON
2026-03-31 11:57:10.628261 - Estado leído: ON
2026-03-31 11:57:15.629991 - Estado leído: ON
2026-03-31 11:57:20.631771 - Estado leído: ON
2026-03-31 11:57:25.634340 - Estado leído: ON
2026-03-31 11:57:30.636049 - Estado leído: ON
2026-03-31 11:57:35.637713 - Estado leído: ON
2026-03-31 11:57:40.639358 - Estado leído: ON
2026-03-31 11:57:45.641306 - Estado leído: ON
2026-03-31 11:57:50.642422 - Estado leído: ON
2026-03-31 11:57:55.645284 - Estado leído: ON
2026-03-31 11:58:00.646405 - Estado leído: ON
2026-03-31 11:58:05.648703 - Estado leído: ON
2026-03-31 11:58:10.650319 - Estado leído: ON
2026-03-31 11:58:15.653316 - Estado leído: ON
2026-03-31 11:58:20.655303 - Estado leído: ON
2026-03-31 11:58:25.656564 - Estado leído: ON
2026-03-31 11:58:30.659737 - Estado leído: ON
2026-03-31 11:58:35.660569 - Estado leído: ON
2026-03-31 11:58:40.662742 - Estado leído: ON
2026-03-31 11:58:45.663712 - Estado leído: ON
2026-03-31 11:58:50.666804 - Estado leído: ON
2026-03-31 11:58:55.668755 - Estado leído: ON
2026-03-31 11:59:00.669755 - Estado leído: ON
2026-03-31 11:59:05.671761 - Estado leído: ON
2026-03-31 11:59:10.673874 - Estado leído: ON
2026-03-31 11:59:15.675504 - Estado leído: ON
2026-03-31 11:59:20.676340 - Estado leído: ON
2026-03-31 11:59:25.678492 - Estado leído: ON
2026-03-31 11:59:30.680131 - Estado leído: ON
2026-03-31 11:59:35.682619 - Estado leído: ON
2026-03-31 11:59:40.684097 - Estado leído: ON
2026-03-31 11:59:45.685287 - Estado leído: ON
2026-03-31 11:59:50.687267 - Estado leído: ON
2026-03-31 11:59:55.688917 - Estado leído: ON
2026-03-31 12:00:00.690224 - Estado leído: ON
2026-03-31 12:00:05.692379 - Estado leído: ON
2026-03-31 12:00:10.695498 - Estado leído: ON
2026-03-31 12:00:15.696682 - Estado leído: ON
2026-03-31 12:00:20.698851 - Estado leído: ON
2026-03-31 12:00:25.699848 - Estado leído: ON
2026-03-31 12:00:30.702049 - Estado leído: ON
2026-03-31 12:00:35.708118 - Estado leído: ON
2026-03-31 12:00:40.709644 - Estado leído: ON
2026-03-31 12:00:45.711637 - Estado leído: ON
2026-03-31 12:00:50.713178 - Estado leído: ON
2026-03-31 12:00:55.714771 - Estado leído: ON
2026-03-31 12:01:00.716272 - Estado leído: ON
2026-03-31 12:01:05.717760 - Estado leído: ON
2026-03-31 12:01:10.719587 - Estado leído: ON
2026-03-31 12:01:15.721204 - Estado leído: ON
2026-03-31 12:01:20.723563 - Estado leído: ON
2026-03-31 12:01:25.724607 - Estado leído: ON
2026-03-31 12:01:30.726974 - Estado leído: ON
2026-03-31 12:01:35.728722 - Estado leído: ON
2026-03-31 12:01:40.730376 - Estado leído: ON
2026-03-31 12:01:45.732403 - Estado leído: ON
2026-03-31 12:01:50.733829 - Estado leído: ON
2026-03-31 12:01:55.736024 - Estado leído: ON
2026-03-31 12:02:00.738325 - Estado leído: ON
2026-03-31 12:02:05.739644 - Estado leído: ON
2026-03-31 12:02:10.742231 - Estado leído: ON
2026-03-31 12:02:15.743596 - Estado leído: ON
2026-03-31 12:02:20.745149 - Estado leído: ON
2026-03-31 12:02:25.746868 - Estado leído: ON
2026-03-31 12:02:30.748893 - Estado leído: ON
2026-03-31 12:02:35.750430 - Estado leído: ON
2026-03-31 12:02:40.751600 - Estado leído: ON
2026-03-31 12:02:45.753789 - Estado leído: ON
2026-03-31 12:02:50.755425 - Estado leído: ON
2026-03-31 12:02:55.759782 - Estado leído: ON
2026-03-31 12:03:00.761393 - Estado leído: ON
2026-03-31 12:03:05.763372 - Estado leído: ON
2026-03-31 12:03:10.764274 - Estado leído: ON
2026-03-31 12:03:15.765932 - Estado leído: ON
2026-03-31 12:03:20.767396 - Estado leído: ON
2026-03-31 12:03:25.768751 - Estado leído: ON
2026-03-31 12:03:30.770198 - Estado leído: ON
2026-03-31 12:03:35.772433 - Estado leído: ON
2026-03-31 12:03:40.774158 - Estado leído: ON
2026-03-31 12:03:45.775610 - Estado leído: ON
2026-03-31 12:03:50.778122 - Estado leído: ON
2026-03-31 12:03:55.779950 - Estado leído: ON
2026-03-31 12:04:00.781903 - Estado leído: ON
2026-03-31 12:04:05.783376 - Estado leído: ON
2026-03-31 12:04:10.784979 - Estado leído: ON
2026-03-31 12:04:15.786453 - Estado leído: ON
2026-03-31 12:04:20.789052 - Estado leído: ON
2026-03-31 12:04:25.791133 - Estado leído: ON
2026-03-31 12:04:30.793397 - Estado leído: ON
2026-03-31 12:04:35.794909 - Estado leído: ON
2026-03-31 12:04:40.796331 - Estado leído: ON
2026-03-31 12:04:45.797823 - Estado leído: ON
2026-03-31 12:04:50.799904 - Estado leído: ON
2026-03-31 12:04:55.801755 - Estado leído: ON
2026-03-31 12:05:00.803396 - Estado leído: ON
2026-03-31 12:05:05.805253 - Estado leído: ON
2026-03-31 12:05:10.807196 - Estado leído: ON
2026-03-31 12:05:15.808557 - Estado leído: ON
2026-03-31 12:05:20.810687 - Estado leído: ON
2026-03-31 12:05:25.812741 - Estado leído: ON
2026-03-31 12:05:30.813913 - Estado leído: ON
2026-03-31 12:05:35.816085 - Estado leído: ON
2026-03-31 12:05:40.817232 - Estado leído: ON
2026-03-31 12:05:45.819270 - Estado leído: ON
2026-03-31 12:05:50.820790 - Estado leído: ON
2026-03-31 12:05:55.822841 - Estado leído: ON
2026-03-31 12:06:00.825218 - Estado leído: ON
2026-03-31 12:06:05.827008 - Estado leído: ON
2026-03-31 12:06:10.828606 - Estado leído: ON
2026-03-31 12:06:15.829947 - Estado leído: ON
2026-03-31 12:06:20.831465 - Estado leído: ON
2026-03-31 12:06:25.833815 - Estado leído: ON
2026-03-31 12:06:30.835324 - Estado leído: ON
2026-03-31 12:06:35.838238 - Estado leído: ON
2026-03-31 12:06:40.839388 - Estado leído: ON
2026-03-31 12:06:45.841104 - Estado leído: ON
2026-03-31 12:06:50.843638 - Estado leído: ON
2026-03-31 12:06:55.845256 - Estado leído: ON
2026-03-31 12:07:00.846951 - Estado leído: ON
2026-03-31 12:07:05.848633 - Estado leído: ON
2026-03-31 12:07:10.850399 - Estado leído: ON
2026-03-31 12:07:15.852262 - Estado leído: ON
2026-03-31 12:07:20.854377 - Estado leído: ON
2026-03-31 12:07:25.856152 - Estado leído: ON
2026-03-31 12:07:30.857948 - Estado leído: ON
2026-03-31 12:07:35.860697 - Estado leído: ON
2026-03-31 12:07:40.861933 - Estado leído: ON
2026-03-31 12:07:45.863909 - Estado leído: ON
2026-03-31 12:07:50.865336 - Estado leído: ON
2026-03-31 12:07:55.867909 - Estado leído: ON
2026-03-31 12:08:00.869240 - Estado leído: ON
2026-03-31 12:08:05.874939 - Estado leído: ON
2026-03-31 12:08:10.879399 - Estado leído: ON
2026-03-31 12:08:15.882156 - Estado leído: ON
2026-03-31 12:08:20.883726 - Estado leído: ON
2026-03-31 12:08:25.885850 - Estado leído: ON
2026-03-31 12:08:30.888103 - Estado leído: ON
2026-03-31 12:08:35.889835 - Estado leído: ON
2026-03-31 12:08:40.891279 - Estado leído: ON
2026-03-31 12:08:45.893073 - Estado leído: ON
2026-03-31 12:08:50.895948 - Estado leído: ON
2026-03-31 12:08:55.898708 - Estado leído: ON
2026-03-31 12:09:00.900844 - Estado leído: ON
2026-03-31 12:09:05.903186 - Estado leído: ON
2026-03-31 12:09:10.904712 - Estado leído: ON
2026-03-31 12:09:15.907764 - Estado leído: ON
2026-03-31 12:09:20.908964 - Estado leído: ON
2026-03-31 12:09:25.911389 - Estado leído: ON
2026-03-31 12:09:30.913240 - Estado leído: ON
2026-03-31 12:09:35.915068 - Estado leído: ON
2026-03-31 12:09:40.917103 - Estado leído: ON
2026-03-31 12:09:45.919032 - Estado leído: ON
2026-03-31 12:09:50.919942 - Estado leído: ON
2026-03-31 12:09:55.922330 - Estado leído: ON
2026-03-31 12:10:00.923564 - Estado leído: ON
2026-03-31 12:10:05.926117 - Estado leído: ON
2026-03-31 12:10:10.928732 - Estado leído: ON
2026-03-31 12:10:15.930916 - Estado leído: ON
2026-03-31 12:10:20.932505 - Estado leído: ON
2026-03-31 12:10:25.934390 - Estado leído: ON
2026-03-31 12:10:30.935926 - Estado leído: ON
2026-03-31 12:10:35.937858 - Estado leído: ON
2026-03-31 12:10:40.939818 - Estado leído: ON
2026-03-31 12:10:45.941370 - Estado leído: ON
2026-03-31 12:10:50.943386 - Estado leído: ON
2026-03-31 12:10:55.945317 - Estado leído: ON
2026-03-31 12:11:00.948048 - Estado leído: ON
2026-03-31 12:11:05.949054 - Estado leído: ON
2026-03-31 12:11:10.952186 - Estado leído: ON
2026-03-31 12:11:15.959516 - Estado leído: ON
2026-03-31 12:11:20.966844 - Estado leído: ON
2026-03-31 12:11:25.968217 - Estado leído: ON
2026-03-31 12:11:30.971388 - Estado leído: ON
2026-03-31 12:11:35.972887 - Estado leído: ON
2026-03-31 12:11:40.974413 - Estado leído: ON
2026-03-31 12:11:45.975829 - Estado leído: ON
2026-03-31 12:11:50.978090 - Estado leído: ON
2026-03-31 12:11:55.980811 - Estado leído: ON
2026-03-31 12:12:00.985081 - Estado leído: ON
2026-03-31 12:12:05.990624 - Estado leído: ON
2026-03-31 12:12:10.992432 - Estado leído: ON
2026-03-31 12:12:15.994327 - Estado leído: ON
2026-03-31 12:12:20.996143 - Estado leído: ON
2026-03-31 12:12:25.997879 - Estado leído: ON
2026-03-31 12:12:30.999414 - Estado leído: ON
2026-03-31 12:12:36.002436 - Estado leído: ON
2026-03-31 12:12:41.003918 - Estado leído: ON
2026-03-31 12:12:46.006297 - Estado leído: ON
2026-03-31 12:12:51.007568 - Estado leído: ON
2026-03-31 12:12:56.009584 - Estado leído: ON
2026-03-31 12:13:01.011291 - Estado leído: ON
2026-03-31 12:13:06.014166 - Estado leído: ON
2026-03-31 12:13:11.015274 - Estado leído: ON
2026-03-31 12:13:16.017208 - Estado leído: ON
2026-03-31 12:13:21.022728 - Estado leído: ON
2026-03-31 12:13:26.026761 - Estado leído: ON
2026-03-31 12:13:31.029237 - Estado leído: ON
2026-03-31 12:13:36.031925 - Estado leído: ON
2026-03-31 12:13:41.032869 - Estado leído: ON
2026-03-31 12:13:46.034379 - Estado leído: ON
2026-03-31 12:13:51.036846 - Estado leído: ON
2026-03-31 12:13:56.038860 - Estado leído: ON
2026-03-31 12:14:01.040335 - Estado leído: ON
2026-03-31 12:14:06.042744 - Estado leído: ON
2026-03-31 12:14:11.044544 - Estado leído: ON
2026-03-31 12:14:16.046905 - Estado leído: ON
2026-03-31 12:14:21.048397 - Estado leído: ON
2026-03-31 12:14:26.049945 - Estado leído: ON
2026-03-31 12:14:31.051615 - Estado leído: ON
2026-03-31 12:14:36.053889 - Estado leído: ON
2026-03-31 12:14:41.054936 - Estado leído: ON
2026-03-31 12:14:46.056768 - Estado leído: ON
2026-03-31 12:14:51.058440 - Estado leído: ON
2026-03-31 12:14:56.060249 - Estado leído: ON
2026-03-31 12:15:01.062080 - Estado leído: ON
2026-03-31 12:15:06.064110 - Estado leído: ON
2026-03-31 12:15:11.066767 - Estado leído: ON
2026-03-31 12:15:16.068309 - Estado leído: ON
2026-03-31 12:15:21.070661 - Estado leído: ON
2026-03-31 12:15:26.072049 - Estado leído: ON
2026-03-31 12:15:31.072952 - Estado leído: ON
2026-03-31 12:15:36.075147 - Estado leído: ON
2026-03-31 12:15:41.077884 - Estado leído: ON
2026-03-31 12:15:46.079017 - Estado leído: ON
2026-03-31 12:15:51.080642 - Estado leído: ON
2026-03-31 12:15:56.083531 - Estado leído: ON
2026-03-31 12:16:01.084874 - Estado leído: ON
2026-03-31 12:16:06.086984 - Estado leído: ON
2026-03-31 12:16:11.090235 - Estado leído: ON
2026-03-31 12:16:16.091977 - Estado leído: ON
2026-03-31 12:16:21.094260 - Estado leído: ON
2026-03-31 12:16:26.095818 - Estado leído: ON
2026-03-31 12:16:31.098266 - Estado leído: ON
2026-03-31 12:16:36.100422 - Estado leído: ON
2026-03-31 12:16:41.102353 - Estado leído: ON
2026-03-31 12:16:46.103436 - Estado leído: ON
2026-03-31 12:16:51.105300 - Estado leído: ON
2026-03-31 12:16:56.107141 - Estado leído: ON
2026-03-31 12:17:01.108954 - Estado leído: ON
2026-03-31 12:17:06.111368 - Estado leído: ON
2026-03-31 12:17:11.112643 - Estado leído: ON
2026-03-31 12:17:16.114372 - Estado leído: ON
2026-03-31 12:17:21.116198 - Estado leído: ON
2026-03-31 12:17:26.117254 - Estado leído: ON
2026-03-31 12:17:31.118988 - Estado leído: ON
2026-03-31 12:17:36.120994 - Estado leído: ON
2026-03-31 12:17:41.122428 - Estado leído: ON
2026-03-31 12:17:46.123976 - Estado leído: ON
2026-03-31 12:17:51.125987 - Estado leído: ON
2026-03-31 12:17:56.127812 - Estado leído: ON
2026-03-31 12:18:01.129441 - Estado leído: ON
2026-03-31 12:18:06.132194 - Estado leído: ON
2026-03-31 12:18:11.134226 - Estado leído: ON
2026-03-31 12:18:16.135897 - Estado leído: ON
2026-03-31 12:18:21.137742 - Estado leído: ON
2026-03-31 12:18:26.139960 - Estado leído: ON
2026-03-31 12:18:31.141234 - Estado leído: ON
2026-03-31 12:18:36.143270 - Estado leído: ON
2026-03-31 12:18:41.144941 - Estado leído: ON
2026-03-31 12:18:46.145955 - Estado leído: ON
2026-03-31 12:18:51.147675 - Estado leído: ON
2026-03-31 12:18:56.149338 - Estado leído: ON
2026-03-31 12:19:01.150962 - Estado leído: ON
2026-03-31 12:19:06.153307 - Estado leído: ON
2026-03-31 12:19:11.154347 - Estado leído: ON
2026-03-31 12:19:16.156053 - Estado leído: ON
2026-03-31 12:19:21.158644 - Estado leído: ON
2026-03-31 12:19:26.160080 - Estado leído: ON
2026-03-31 12:19:31.162395 - Estado leído: ON
2026-03-31 12:19:36.163701 - Estado leído: ON
2026-03-31 12:19:41.165921 - Estado leído: ON
2026-03-31 12:19:46.167440 - Estado leído: ON
2026-03-31 12:19:51.168966 - Estado leído: ON
2026-03-31 12:19:56.170984 - Estado leído: ON
2026-03-31 12:20:01.172010 - Estado leído: ON
2026-03-31 12:20:06.174912 - Estado leído: ON
2026-03-31 12:20:11.176835 - Estado leído: ON
2026-03-31 12:20:16.178530 - Estado leído: ON
2026-03-31 12:20:21.180383 - Estado leído: ON
2026-03-31 12:20:26.182539 - Estado leído: ON
2026-03-31 12:20:31.184320 - Estado leído: ON
2026-03-31 12:20:36.186840 - Estado leído: ON
2026-03-31 12:20:41.189124 - Estado leído: ON
2026-03-31 12:20:46.189856 - Estado leído: ON
2026-03-31 12:20:51.191624 - Estado leído: ON
2026-03-31 12:20:56.193756 - Estado leído: ON
2026-03-31 12:21:01.196172 - Estado leído: ON
2026-03-31 12:21:06.197926 - Estado leído: ON
2026-03-31 12:21:11.199314 - Estado leído: ON
2026-03-31 12:21:16.201546 - Estado leído: ON
2026-03-31 12:21:21.203147 - Estado leído: ON
2026-03-31 12:21:26.204011 - Estado leído: ON
2026-03-31 12:21:31.206198 - Estado leído: ON
2026-03-31 12:21:36.207680 - Estado leído: ON
2026-03-31 12:21:41.209468 - Estado leído: ON
2026-03-31 12:21:46.211076 - Estado leído: ON
2026-03-31 12:21:51.212562 - Estado leído: ON
2026-03-31 12:21:56.214127 - Estado leído: ON
2026-03-31 12:22:01.216831 - Estado leído: ON
2026-03-31 12:22:06.218188 - Estado leído: ON
2026-03-31 12:22:11.220431 - Estado leído: ON
2026-03-31 12:22:16.222148 - Estado leído: ON
2026-03-31 12:22:21.223826 - Estado leído: ON
2026-03-31 12:22:26.226058 - Estado leído: ON
2026-03-31 12:22:31.227422 - Estado leído: ON
2026-03-31 12:22:36.229167 - Estado leído: ON
2026-03-31 12:22:41.230450 - Estado leído: ON
2026-03-31 12:22:46.232020 - Estado leído: ON
2026-03-31 12:22:51.233713 - Estado leído: ON
2026-03-31 12:22:56.235963 - Estado leído: ON
2026-03-31 12:23:01.236883 - Estado leído: ON
2026-03-31 12:23:06.238388 - Estado leído: ON
2026-03-31 12:23:11.240448 - Estado leído: ON
2026-03-31 12:23:16.243371 - Estado leído: ON
2026-03-31 12:23:21.245583 - Estado leído: ON
2026-03-31 12:23:26.247328 - Estado leído: ON
2026-03-31 12:23:31.248427 - Estado leído: ON
2026-03-31 12:23:36.250614 - Estado leído: ON
2026-03-31 12:23:41.252615 - Estado leído: ON
2026-03-31 12:23:46.254081 - Estado leído: ON
2026-03-31 12:23:51.255960 - Estado leído: ON
2026-03-31 12:23:56.257724 - Estado leído: ON
2026-03-31 12:24:01.259442 - Estado leído: ON
2026-03-31 12:24:06.261253 - Estado leído: ON
2026-03-31 12:24:11.263642 - Estado leído: ON
2026-03-31 12:24:16.266055 - Estado leído: ON
2026-03-31 12:24:21.267189 - Estado leído: ON
2026-03-31 12:24:26.270711 - Estado leído: ON
2026-03-31 12:24:31.271944 - Estado leído: ON
2026-03-31 12:24:36.274750 - Estado leído: ON
2026-03-31 12:24:41.276315 - Estado leído: ON
2026-03-31 12:24:46.278307 - Estado leído: ON
2026-03-31 12:24:51.279582 - Estado leído: ON
2026-03-31 12:24:56.281866 - Estado leído: ON
2026-03-31 12:25:01.283638 - Estado leído: ON
2026-03-31 12:25:06.286045 - Estado leído: ON
2026-03-31 12:25:11.287239 - Estado leído: ON
2026-03-31 12:25:16.289030 - Estado leído: ON
2026-03-31 12:25:21.290548 - Estado leído: ON
2026-03-31 12:25:26.292411 - Estado leído: ON
2026-03-31 12:25:31.293687 - Estado leído: ON
2026-03-31 12:25:36.295245 - Estado leído: ON
2026-03-31 12:25:41.297115 - Estado leído: ON
2026-03-31 12:25:46.299066 - Estado leído: ON
2026-03-31 12:25:51.300514 - Estado leído: ON
2026-03-31 12:25:56.303031 - Estado leído: ON
2026-03-31 12:26:01.305333 - Estado leído: ON
2026-03-31 12:26:06.306951 - Estado leído: ON
2026-03-31 12:26:11.308305 - Estado leído: ON
2026-03-31 12:26:16.310273 - Estado leído: ON
2026-03-31 12:26:21.312156 - Estado leído: ON
2026-03-31 12:26:26.314369 - Estado leído: ON
2026-03-31 12:26:31.315867 - Estado leído: ON
2026-03-31 12:26:36.317728 - Estado leído: ON
2026-03-31 12:26:41.319859 - Estado leído: ON
2026-03-31 12:26:46.321438 - Estado leído: ON
2026-03-31 12:26:51.323392 - Estado leído: ON
2026-03-31 12:26:56.325254 - Estado leído: ON
2026-03-31 12:27:01.326914 - Estado leído: ON
2026-03-31 12:27:06.328573 - Estado leído: ON
2026-03-31 12:27:11.329928 - Estado leído: ON
2026-03-31 12:27:16.332747 - Estado leído: ON
2026-03-31 12:27:21.334152 - Estado leído: ON
2026-03-31 12:27:26.336009 - Estado leído: ON
2026-03-31 12:27:31.337915 - Estado leído: ON
2026-03-31 12:27:36.340059 - Estado leído: ON
2026-03-31 12:27:41.341014 - Estado leído: ON
2026-03-31 12:27:46.342697 - Estado leído: ON
2026-03-31 12:27:51.344150 - Estado leído: ON
2026-03-31 12:27:56.346158 - Estado leído: ON
2026-03-31 12:28:01.348356 - Estado leído: ON
2026-03-31 12:28:06.350277 - Estado leído: ON
2026-03-31 12:28:11.352560 - Estado leído: ON
2026-03-31 12:28:16.354375 - Estado leído: ON
2026-03-31 12:28:21.355347 - Estado leído: ON
2026-03-31 12:28:26.357027 - Estado leído: ON
2026-03-31 12:28:31.358800 - Estado leído: ON
2026-03-31 12:28:36.360687 - Estado leído: ON
2026-03-31 12:28:41.362525 - Estado leído: ON
2026-03-31 12:28:46.364162 - Estado leído: ON
2026-03-31 12:28:51.367039 - Estado leído: ON
2026-03-31 12:28:56.368665 - Estado leído: ON
2026-03-31 12:29:01.370681 - Estado leído: ON
2026-03-31 12:29:06.372841 - Estado leído: ON
2026-03-31 12:29:11.374599 - Estado leído: ON
2026-03-31 12:29:16.376437 - Estado leído: ON
2026-03-31 12:29:21.377841 - Estado leído: ON
2026-03-31 12:29:26.379878 - Estado leído: ON
2026-03-31 12:29:31.381292 - Estado leído: ON
2026-03-31 12:29:36.384522 - Estado leído: ON
2026-03-31 12:29:41.385838 - Estado leído: ON
2026-03-31 12:29:46.390008 - Estado leído: ON
2026-03-31 12:29:51.394590 - Estado leído: ON
2026-03-31 12:29:56.396309 - Estado leído: ON
2026-03-31 12:30:01.397749 - Estado leído: ON
2026-03-31 12:30:06.400641 - Estado leído: ON
2026-03-31 12:30:11.401871 - Estado leído: ON
2026-03-31 12:30:16.404520 - Estado leído: ON
2026-03-31 12:30:21.406536 - Estado leído: ON
2026-03-31 12:30:26.407543 - Estado leído: ON
2026-03-31 12:30:31.410150 - Estado leído: ON
2026-03-31 12:30:36.412319 - Estado leído: ON
2026-03-31 12:30:41.413839 - Estado leído: ON
2026-03-31 12:30:46.415989 - Estado leído: ON
2026-03-31 12:30:51.417489 - Estado leído: ON
2026-03-31 12:30:56.419422 - Estado leído: ON
2026-03-31 12:31:01.421458 - Estado leído: ON
2026-03-31 12:31:06.422558 - Estado leído: ON
2026-03-31 12:31:11.424870 - Estado leído: ON
2026-03-31 12:31:16.426639 - Estado leído: ON
2026-03-31 12:31:21.428825 - Estado leído: ON
2026-03-31 12:31:26.431507 - Estado leído: ON
2026-03-31 12:31:31.435524 - Estado leído: ON
2026-03-31 12:31:36.436493 - Estado leído: ON
2026-03-31 12:31:41.438663 - Estado leído: ON
2026-03-31 12:31:46.443144 - Estado leído: ON
2026-03-31 12:31:51.447352 - Estado leído: ON
2026-03-31 12:31:56.448374 - Estado leído: ON
2026-03-31 12:32:01.449975 - Estado leído: ON
2026-03-31 12:32:06.452451 - Estado leído: ON
2026-03-31 12:32:11.454305 - Estado leído: ON
2026-03-31 12:32:16.455666 - Estado leído: ON
2026-03-31 12:32:21.457157 - Estado leído: ON
2026-03-31 12:32:26.459443 - Estado leído: ON
2026-03-31 12:32:31.462082 - Estado leído: ON
2026-03-31 12:32:36.463505 - Estado leído: ON
2026-03-31 12:32:41.466687 - Estado leído: ON
2026-03-31 12:32:46.468709 - Estado leído: ON
2026-03-31 12:32:51.470900 - Estado leído: ON
2026-03-31 12:32:56.473544 - Estado leído: ON
2026-03-31 12:33:01.474976 - Estado leído: ON
2026-03-31 12:33:06.476658 - Estado leído: ON
2026-03-31 12:33:11.478241 - Estado leído: ON
2026-03-31 12:33:16.482502 - Estado leído: ON
2026-03-31 12:33:21.485262 - Estado leído: ON
2026-03-31 12:33:26.487808 - Estado leído: ON
2026-03-31 12:33:31.491391 - Estado leído: ON
2026-03-31 12:33:36.493402 - Estado leído: ON
2026-03-31 12:33:41.495655 - Estado cambiado: OFF
2026-03-31 12:33:41.495655 - Estado leído: OFF
2026-03-31 12:33:46.496814 - Estado leído: OFF
2026-03-31 12:33:51.497887 - Estado leído: OFF
2026-03-31 12:33:56.499268 - Estado leído: OFF
2026-03-31 12:34:01.501054 - Estado leído: OFF
2026-03-31 12:34:06.502732 - Estado leído: OFF
2026-03-31 12:34:11.504246 - Estado leído: OFF
2026-03-31 12:34:16.505126 - Estado leído: OFF
2026-03-31 12:34:21.506305 - Estado leído: OFF
2026-03-31 12:34:26.510198 - Estado leído: OFF
2026-03-31 12:34:31.511708 - Estado leído: OFF
2026-03-31 12:34:36.512609 - Estado leído: OFF
2026-03-31 12:34:41.514656 - Estado leído: OFF
2026-03-31 12:34:46.515517 - Estado leído: OFF
2026-03-31 12:34:51.516704 - Estado leído: OFF
2026-03-31 12:34:56.517867 - Estado leído: OFF
2026-03-31 12:35:01.519084 - Estado leído: OFF
2026-03-31 12:35:06.520230 - Estado leído: OFF
2026-03-31 12:35:11.522486 - Estado leído: OFF
2026-03-31 12:35:16.523227 - Estado leído: OFF
2026-03-31 12:35:21.524783 - Estado leído: OFF
2026-03-31 12:35:26.526076 - Estado leído: OFF
2026-03-31 12:35:31.528628 - Estado leído: OFF
2026-03-31 12:35:36.529381 - Estado leído: OFF
2026-03-31 12:35:41.531769 - Estado leído: OFF
2026-03-31 12:35:46.532547 - Estado leído: OFF
2026-03-31 12:35:51.534584 - Estado leído: OFF
2026-03-31 12:35:56.535080 - Estado leído: OFF
2026-03-31 12:36:01.536306 - Estado leído: OFF
2026-03-31 12:36:06.538272 - Estado leído: OFF
2026-03-31 12:36:11.539890 - Estado leído: OFF
2026-03-31 12:36:16.541829 - Estado leído: OFF
2026-03-31 12:36:21.542713 - Estado leído: OFF
2026-03-31 12:36:26.544230 - Estado leído: OFF
2026-03-31 12:36:31.545687 - Estado cambiado: ON
2026-03-31 12:36:31.546700 - Estado leído: ON
2026-03-31 12:36:31.555217 - Encendiendo bot...
2026-03-31 12:36:46.562189 - Estado leído: ON
2026-03-31 12:36:51.565694 - Estado leído: ON
2026-03-31 12:36:56.568042 - Estado leído: ON
2026-03-31 12:37:01.571307 - Estado leído: ON
2026-03-31 12:37:06.575602 - Estado leído: ON
2026-03-31 12:37:11.578199 - Estado leído: ON
2026-03-31 12:37:16.580843 - Estado leído: ON
2026-03-31 12:37:21.583452 - Estado leído: ON
2026-03-31 12:37:26.586572 - Estado leído: ON
2026-03-31 12:37:31.593539 - Estado leído: ON
2026-03-31 12:37:36.596736 - Estado leído: ON
2026-03-31 12:37:41.599217 - Estado leído: ON
2026-03-31 12:37:46.602274 - Estado leído: ON
2026-03-31 12:37:51.605614 - Estado leído: ON
2026-03-31 12:37:56.608080 - Estado leído: ON
2026-03-31 12:38:01.610500 - Estado leído: ON
2026-03-31 12:38:06.614173 - Estado leído: ON
2026-03-31 12:38:11.617795 - Estado leído: ON
2026-03-31 12:38:16.620316 - Estado leído: ON
2026-03-31 12:38:21.623634 - Estado leído: ON
2026-03-31 12:38:26.626980 - Estado leído: ON
2026-03-31 12:38:31.629268 - Estado leído: ON
2026-03-31 12:38:36.632089 - Estado leído: ON
2026-03-31 12:38:41.636287 - Estado leído: ON
2026-03-31 12:38:46.639816 - Estado leído: ON
2026-03-31 12:38:51.641950 - Estado leído: ON
2026-03-31 12:38:56.646052 - Estado leído: ON
2026-03-31 12:39:01.648348 - Estado leído: ON
2026-03-31 12:39:06.651337 - Estado leído: ON
2026-03-31 12:39:11.654325 - Estado leído: ON
2026-03-31 12:39:16.657553 - Estado leído: ON
2026-03-31 12:39:21.660557 - Estado leído: ON
2026-03-31 12:39:26.663735 - Estado leído: ON
2026-03-31 12:39:31.666664 - Estado leído: ON
2026-03-31 12:39:36.669587 - Estado leído: ON
2026-03-31 12:39:41.672059 - Estado leído: ON
2026-03-31 12:39:46.675710 - Estado leído: ON
2026-03-31 12:39:51.678647 - Estado leído: ON
2026-03-31 12:39:56.683092 - Estado leído: ON
2026-03-31 12:40:01.685608 - Estado leído: ON
2026-03-31 12:40:06.688673 - Estado leído: ON
2026-03-31 12:40:11.692067 - Estado leído: ON
2026-03-31 12:40:16.695331 - Estado leído: ON
2026-03-31 12:40:21.699207 - Estado leído: ON
2026-03-31 12:40:26.701208 - Estado leído: ON
2026-03-31 12:40:31.703808 - Estado leído: ON
2026-03-31 12:40:36.706418 - Estado leído: ON
2026-03-31 12:40:41.712535 - Estado leído: ON
2026-03-31 12:40:46.717361 - Estado leído: ON
2026-03-31 12:40:51.720064 - Estado leído: ON
2026-03-31 12:42:26.476428 - Estado cambiado: ON
2026-03-31 12:42:26.494796 - Estado leído: ON
2026-03-31 12:42:26.506854 - Encendiendo bot...
2026-03-31 12:42:41.573363 - Estado leído: ON
2026-03-31 12:42:46.582279 - Estado leído: ON
2026-03-31 12:42:51.594768 - Estado leído: ON
2026-03-31 12:42:56.602943 - Estado leído: ON
2026-03-31 12:43:01.611900 - Estado leído: ON
2026-03-31 12:43:06.622151 - Estado leído: ON
2026-03-31 12:43:11.638378 - Estado leído: ON
2026-03-31 12:43:16.646679 - Estado leído: ON
2026-03-31 12:43:21.655954 - Estado leído: ON
2026-03-31 12:43:26.667179 - Estado leído: ON
2026-03-31 12:43:31.678494 - Estado leído: ON
2026-03-31 12:43:36.689039 - Estado leído: ON
2026-03-31 12:43:41.700399 - Estado leído: ON
2026-03-31 12:43:46.711368 - Estado leído: ON
2026-03-31 12:43:51.721253 - Estado leído: ON
2026-03-31 12:43:56.731955 - Estado leído: ON
2026-03-31 12:44:01.743287 - Estado leído: ON
2026-03-31 12:44:06.753649 - Estado leído: ON
2026-03-31 12:44:11.764188 - Estado leído: ON
2026-03-31 12:44:16.774576 - Estado leído: ON
2026-03-31 12:44:21.788094 - Estado leído: ON
2026-03-31 12:44:26.799429 - Estado leído: ON
2026-03-31 12:44:31.810472 - Estado leído: ON
2026-03-31 12:44:36.820263 - Estado leído: ON
2026-03-31 12:44:41.829565 - Estado leído: ON
2026-03-31 12:44:46.839360 - Estado leído: ON
2026-03-31 12:44:51.848834 - Estado leído: ON
2026-03-31 12:44:56.858735 - Estado leído: ON
2026-03-31 12:45:01.869027 - Estado leído: ON
2026-03-31 12:45:06.878933 - Estado leído: ON
2026-03-31 12:45:11.889013 - Estado leído: ON
2026-03-31 12:45:16.899137 - Estado leído: ON
2026-03-31 12:45:21.908868 - Estado leído: ON
2026-03-31 12:45:26.919276 - Estado leído: ON
2026-03-31 12:45:31.929455 - Estado leído: ON
2026-03-31 12:45:36.939339 - Estado leído: ON
2026-03-31 12:45:41.950023 - Estado leído: ON
2026-03-31 12:45:46.968358 - Estado leído: ON
2026-03-31 12:45:51.978580 - Estado leído: ON
2026-03-31 12:45:56.989139 - Estado leído: ON
2026-03-31 12:46:01.998646 - Estado leído: ON
2026-03-31 12:46:07.008433 - Estado leído: ON
2026-03-31 12:46:12.018019 - Estado leído: ON
2026-03-31 12:46:17.029030 - Estado leído: ON
2026-03-31 12:46:22.039424 - Estado leído: ON
2026-03-31 12:46:27.048632 - Estado leído: ON
2026-03-31 12:46:32.058705 - Estado leído: ON
2026-03-31 12:46:37.069009 - Estado leído: ON
2026-03-31 12:46:42.079238 - Estado leído: ON
2026-03-31 12:46:47.089775 - Estado leído: ON
2026-03-31 12:46:52.100600 - Estado leído: ON
2026-03-31 12:46:57.110785 - Estado leído: ON
2026-03-31 12:47:02.120425 - Estado leído: ON
2026-03-31 12:47:07.131229 - Estado leído: ON
2026-03-31 12:47:12.141762 - Estado leído: ON
2026-03-31 12:47:17.151711 - Estado leído: ON
2026-03-31 12:47:22.163147 - Estado leído: ON
2026-03-31 12:47:27.172458 - Estado leído: ON
2026-03-31 12:47:32.183418 - Estado leído: ON
2026-03-31 12:47:37.193297 - Estado leído: ON
2026-03-31 12:47:42.203514 - Estado leído: ON
2026-03-31 12:47:47.214829 - Estado leído: ON
2026-03-31 12:47:52.224487 - Estado leído: ON
2026-03-31 12:47:57.234152 - Estado leído: ON
2026-03-31 12:48:02.243732 - Estado leído: ON
2026-03-31 12:48:07.253325 - Estado leído: ON
2026-03-31 12:48:12.263021 - Estado leído: ON
2026-03-31 12:48:17.271974 - Estado leído: ON
2026-03-31 12:48:22.281474 - Estado leído: ON
2026-03-31 12:48:27.292641 - Estado leído: ON
2026-03-31 12:48:32.301178 - Estado leído: ON
2026-03-31 12:48:37.310611 - Estado leído: ON
2026-03-31 12:48:42.320100 - Estado leído: ON
2026-03-31 12:48:47.328988 - Estado leído: ON
2026-03-31 12:48:52.338108 - Estado leído: ON
2026-03-31 12:48:57.347826 - Estado leído: ON
2026-03-31 12:49:02.358524 - Estado leído: ON
2026-03-31 12:49:07.369199 - Estado leído: ON
2026-03-31 12:49:12.378380 - Estado leído: ON
2026-03-31 12:49:17.390165 - Estado leído: ON
2026-03-31 12:49:22.399374 - Estado leído: ON
2026-03-31 12:49:27.413334 - Estado leído: ON
2026-03-31 12:49:32.422303 - Estado leído: ON
2026-03-31 12:49:37.432270 - Estado leído: ON
2026-03-31 12:49:42.440862 - Estado leído: ON
2026-03-31 12:49:47.449677 - Estado leído: ON
2026-03-31 12:49:52.458690 - Estado leído: ON
2026-03-31 12:49:57.467386 - Estado leído: ON
2026-03-31 12:50:02.476179 - Estado leído: ON
2026-03-31 12:50:07.485454 - Estado leído: ON
2026-03-31 12:50:12.495085 - Estado leído: ON
2026-03-31 12:50:17.505951 - Estado leído: ON
2026-03-31 12:50:22.515084 - Estado leído: ON
2026-03-31 12:50:27.524323 - Estado leído: ON
2026-03-31 12:50:32.533208 - Estado leído: ON
2026-03-31 12:50:37.542695 - Estado leído: ON
2026-03-31 12:50:42.552419 - Estado leído: ON
2026-03-31 12:50:47.561990 - Estado leído: ON
2026-03-31 12:50:52.571664 - Estado leído: ON
2026-03-31 12:50:57.581345 - Estado leído: ON
2026-03-31 12:51:02.592497 - Estado leído: ON
2026-03-31 12:51:07.600985 - Estado leído: ON
2026-03-31 12:51:12.611578 - Estado leído: ON
2026-03-31 12:51:17.621441 - Estado leído: ON
2026-03-31 12:51:22.632196 - Estado leído: ON
2026-03-31 12:51:27.641035 - Estado leído: ON
2026-03-31 12:51:32.651648 - Estado leído: ON
2026-03-31 12:51:37.662499 - Estado leído: ON
2026-03-31 12:51:42.672409 - Estado leído: ON
2026-03-31 12:51:47.683160 - Estado leído: ON
2026-03-31 12:51:52.692576 - Estado leído: ON
2026-03-31 12:51:57.706700 - Estado leído: ON
2026-03-31 12:52:02.718743 - Estado leído: ON
2026-03-31 12:52:07.728196 - Estado leído: ON
2026-03-31 12:52:12.738266 - Estado leído: ON
2026-03-31 12:52:17.749234 - Estado leído: ON
2026-03-31 12:52:22.758785 - Estado leído: ON
2026-03-31 12:52:27.768063 - Estado leído: ON
2026-03-31 12:52:32.777698 - Estado leído: ON
2026-03-31 12:52:37.786940 - Estado leído: ON
2026-03-31 12:52:42.796732 - Estado leído: ON
2026-03-31 12:52:47.805993 - Estado leído: ON
2026-03-31 12:52:52.816117 - Estado leído: ON
2026-03-31 12:52:57.825609 - Estado leído: ON
2026-03-31 12:53:02.836019 - Estado leído: ON
2026-03-31 12:53:07.845402 - Estado leído: ON
2026-03-31 12:53:12.854887 - Estado leído: ON
2026-03-31 12:53:17.864512 - Estado leído: ON
2026-03-31 12:53:22.874129 - Estado leído: ON
2026-03-31 12:53:27.884668 - Estado leído: ON
2026-03-31 12:53:32.896340 - Estado leído: ON
2026-03-31 12:53:37.905524 - Estado leído: ON
2026-03-31 12:53:42.915126 - Estado leído: ON
2026-03-31 12:53:47.924600 - Estado leído: ON
2026-03-31 12:53:52.934965 - Estado leído: ON
2026-03-31 12:53:57.946634 - Estado leído: ON
2026-03-31 12:54:02.956538 - Estado leído: ON
2026-03-31 12:54:07.967961 - Estado leído: ON
2026-03-31 12:54:12.985567 - Estado leído: ON
2026-03-31 12:54:17.995469 - Estado leído: ON
2026-03-31 12:54:23.005579 - Estado leído: ON
2026-03-31 12:54:28.014547 - Estado leído: ON
2026-03-31 12:54:33.024326 - Estado leído: ON
2026-03-31 12:54:38.034127 - Estado leído: ON
2026-03-31 12:54:43.043942 - Estado leído: ON
2026-03-31 12:54:48.052776 - Estado leído: ON
2026-03-31 12:54:53.064053 - Estado leído: ON
2026-03-31 12:54:58.073566 - Estado leído: ON
2026-03-31 12:55:03.082854 - Estado leído: ON
2026-03-31 12:55:08.092692 - Estado leído: ON
2026-03-31 12:55:13.103117 - Estado leído: ON
2026-03-31 12:55:18.112749 - Estado leído: ON
2026-03-31 12:55:23.127213 - Estado leído: ON
2026-03-31 12:55:28.137056 - Estado leído: ON
2026-03-31 12:55:33.146828 - Estado leído: ON
2026-03-31 12:55:38.157408 - Estado leído: ON
2026-03-31 12:55:43.167727 - Estado leído: ON
2026-03-31 12:55:48.182535 - Estado leído: ON
2026-03-31 12:55:53.191821 - Estado leído: ON
2026-03-31 12:55:58.201745 - Estado leído: ON
2026-03-31 12:56:03.225154 - Estado leído: ON
2026-03-31 12:56:08.265351 - Estado leído: ON
2026-03-31 12:56:13.280973 - Estado leído: ON
2026-03-31 12:56:18.292991 - Estado leído: ON
2026-03-31 12:56:23.307625 - Estado leído: ON
2026-03-31 12:56:28.317052 - Estado leído: ON
2026-03-31 12:56:33.328542 - Estado leído: ON
2026-03-31 12:56:38.338631 - Estado leído: ON
2026-03-31 12:56:43.347873 - Estado leído: ON
2026-03-31 12:56:48.358313 - Estado leído: ON
2026-03-31 12:56:53.369234 - Estado leído: ON
2026-03-31 12:56:58.379015 - Estado leído: ON
2026-03-31 12:57:03.388223 - Estado leído: ON
2026-03-31 12:57:08.397989 - Estado leído: ON
2026-03-31 12:57:13.407739 - Estado leído: ON
2026-03-31 12:57:18.416850 - Estado leído: ON
2026-03-31 12:57:23.426163 - Estado leído: ON
2026-03-31 12:57:28.435386 - Estado leído: ON
2026-03-31 12:57:33.445109 - Estado leído: ON
2026-03-31 12:57:38.453519 - Estado leído: ON
2026-03-31 12:57:43.465318 - Estado leído: ON
2026-03-31 12:57:48.474442 - Estado leído: ON
2026-03-31 12:57:53.487132 - Estado leído: ON
2026-03-31 12:57:58.497641 - Estado leído: ON
2026-03-31 12:58:03.507420 - Estado leído: ON
2026-03-31 12:58:08.516185 - Estado leído: ON
2026-03-31 12:58:13.526207 - Estado leído: ON
2026-03-31 12:58:18.536514 - Estado leído: ON
2026-03-31 12:58:23.546122 - Estado leído: ON
2026-03-31 12:58:28.557742 - Estado leído: ON
2026-03-31 12:58:33.568290 - Estado leído: ON
2026-03-31 12:58:38.580858 - Estado leído: ON
2026-03-31 12:58:43.602963 - Estado leído: ON
2026-03-31 12:58:48.612937 - Estado leído: ON
2026-03-31 12:58:53.622922 - Estado leído: ON
2026-03-31 12:58:58.635520 - Estado leído: ON
2026-03-31 12:59:03.644654 - Estado leído: ON
2026-03-31 12:59:08.655130 - Estado leído: ON
2026-03-31 12:59:13.664280 - Estado leído: ON
2026-03-31 12:59:18.674074 - Estado leído: ON
2026-03-31 12:59:23.683754 - Estado leído: ON
2026-03-31 12:59:28.693871 - Estado leído: ON
2026-03-31 12:59:33.702850 - Estado leído: ON
2026-03-31 12:59:38.712547 - Estado leído: ON
2026-03-31 12:59:43.722042 - Estado leído: ON
2026-03-31 12:59:48.733447 - Estado leído: ON
2026-03-31 12:59:53.749252 - Estado leído: ON
2026-03-31 12:59:58.802930 - Estado leído: ON
2026-03-31 13:00:03.849119 - Estado leído: ON
2026-03-31 13:00:08.859311 - Estado leído: ON
2026-03-31 13:00:13.869944 - Estado leído: ON
2026-03-31 13:00:18.878777 - Estado leído: ON
2026-03-31 13:00:23.887691 - Estado leído: ON
2026-03-31 13:00:28.896520 - Estado leído: ON
2026-03-31 13:00:33.905359 - Estado leído: ON
2026-03-31 13:00:38.914262 - Estado leído: ON
2026-03-31 13:00:43.923299 - Estado leído: ON
2026-03-31 13:00:48.938155 - Estado leído: ON
2026-03-31 13:00:53.946566 - Estado leído: ON
2026-03-31 13:00:58.957199 - Estado leído: ON
2026-03-31 13:01:03.967248 - Estado leído: ON
2026-03-31 13:01:08.975540 - Estado leído: ON
2026-03-31 13:01:13.984240 - Estado leído: ON
2026-03-31 13:01:18.993304 - Estado leído: ON
2026-03-31 13:01:24.002503 - Estado leído: ON
2026-03-31 13:01:29.012778 - Estado leído: ON
2026-03-31 13:01:34.027174 - Estado leído: ON
2026-03-31 13:01:39.036675 - Estado leído: ON
2026-03-31 13:01:44.046866 - Estado leído: ON
2026-03-31 13:01:49.055446 - Estado leído: ON
2026-03-31 13:01:54.065229 - Estado leído: ON
2026-03-31 13:01:59.074883 - Estado leído: ON
2026-03-31 13:02:04.084703 - Estado leído: ON
2026-03-31 13:02:09.095335 - Estado leído: ON
2026-03-31 13:02:14.106414 - Estado leído: ON
2026-03-31 13:02:19.115544 - Estado leído: ON
2026-03-31 13:02:24.126966 - Estado leído: ON
2026-03-31 13:02:29.136211 - Estado leído: ON
2026-03-31 13:02:34.146335 - Estado leído: ON
2026-03-31 13:02:39.157386 - Estado leído: ON
2026-03-31 13:02:44.166408 - Estado leído: ON
2026-03-31 13:02:49.175946 - Estado leído: ON
2026-03-31 13:02:54.186001 - Estado leído: ON
2026-03-31 13:02:59.196410 - Estado leído: ON
2026-03-31 13:03:04.212647 - Estado leído: ON
2026-03-31 13:03:09.221815 - Estado leído: ON
2026-03-31 13:03:14.232882 - Estado leído: ON
2026-03-31 13:03:19.241929 - Estado leído: ON
2026-03-31 13:03:24.254062 - Estado leído: ON
2026-03-31 13:03:29.263235 - Estado leído: ON
2026-03-31 13:03:34.273399 - Estado leído: ON
2026-03-31 13:03:39.300406 - Estado leído: ON
2026-03-31 13:03:44.335414 - Estado leído: ON
2026-03-31 13:03:49.344738 - Estado leído: ON
2026-03-31 13:03:54.353958 - Estado leído: ON
2026-03-31 13:03:59.367727 - Estado leído: ON
2026-03-31 13:04:04.376935 - Estado leído: ON
2026-03-31 13:04:09.386529 - Estado leído: ON
2026-03-31 13:04:14.395275 - Estado leído: ON
2026-03-31 13:04:19.405968 - Estado leído: ON
2026-03-31 13:04:24.414909 - Estado leído: ON
2026-03-31 13:04:29.424268 - Estado leído: ON
2026-03-31 13:04:34.434576 - Estado leído: ON
2026-03-31 13:04:39.444310 - Estado leído: ON
2026-03-31 13:04:44.459219 - Estado leído: ON
2026-03-31 13:04:49.468552 - Estado leído: ON
2026-03-31 13:04:54.477512 - Estado leído: ON
2026-03-31 13:04:59.487540 - Estado leído: ON
2026-03-31 13:05:04.496531 - Estado leído: ON
2026-03-31 13:05:09.506857 - Estado leído: ON
2026-03-31 13:05:14.517114 - Estado leído: ON
2026-03-31 13:05:19.525714 - Estado leído: ON
2026-03-31 13:05:24.535655 - Estado leído: ON
2026-03-31 13:05:29.545060 - Estado leído: ON
2026-03-31 13:05:34.555989 - Estado leído: ON
2026-03-31 13:05:39.565642 - Estado leído: ON
2026-03-31 13:05:44.575516 - Estado leído: ON
2026-03-31 13:05:49.585208 - Estado leído: ON
2026-03-31 13:05:54.596312 - Estado leído: ON
2026-03-31 13:05:59.610431 - Estado leído: ON
2026-03-31 13:06:04.620176 - Estado leído: ON
2026-03-31 13:06:09.631362 - Estado leído: ON
2026-03-31 13:06:14.643914 - Estado leído: ON
2026-03-31 13:06:19.654499 - Estado leído: ON
2026-03-31 13:06:24.663070 - Estado leído: ON
2026-03-31 13:06:29.672533 - Estado leído: ON
2026-03-31 13:06:34.682458 - Estado leído: ON
2026-03-31 13:06:39.692969 - Estado leído: ON
2026-03-31 13:06:44.706749 - Estado leído: ON
2026-03-31 13:06:49.716255 - Estado leído: ON
2026-03-31 13:06:54.725723 - Estado leído: ON
2026-03-31 13:06:59.735917 - Estado leído: ON
2026-03-31 13:07:04.744966 - Estado leído: ON
2026-03-31 13:07:09.753648 - Estado leído: ON
2026-03-31 13:07:14.764491 - Estado leído: ON
2026-03-31 13:07:19.824361 - Estado leído: ON
2026-03-31 13:07:24.847724 - Estado leído: ON
2026-03-31 13:07:29.857305 - Estado leído: ON
2026-03-31 13:07:34.867754 - Estado leído: ON
2026-03-31 13:07:39.876816 - Estado leído: ON
2026-03-31 13:07:44.886111 - Estado leído: ON
2026-03-31 13:07:49.895962 - Estado leído: ON
2026-03-31 13:07:54.905155 - Estado leído: ON
2026-03-31 13:07:59.914637 - Estado leído: ON
2026-03-31 13:08:04.925278 - Estado leído: ON
2026-03-31 13:08:09.939609 - Estado leído: ON
2026-03-31 13:08:14.950631 - Estado leído: ON
2026-03-31 13:08:19.961446 - Estado leído: ON
2026-03-31 13:08:24.974378 - Estado leído: ON
2026-03-31 13:08:29.984273 - Estado cambiado: OFF
2026-03-31 13:08:29.985284 - Estado leído: OFF
2026-03-31 13:08:34.986241 - Estado leído: OFF
2026-03-31 13:08:39.987939 - Estado leído: OFF
2026-03-31 13:08:44.989402 - Estado leído: OFF
2026-03-31 13:08:49.991413 - Estado leído: OFF
2026-03-31 13:08:54.992101 - Estado leído: OFF
2026-03-31 13:08:59.993270 - Estado leído: OFF
2026-03-31 13:09:04.994572 - Estado leído: OFF
2026-03-31 13:09:09.995609 - Estado leído: OFF
2026-03-31 13:09:14.998046 - Estado leído: OFF
2026-03-31 13:09:19.999098 - Estado leído: OFF
2026-03-31 13:09:25.000171 - Estado leído: OFF
2026-03-31 13:09:30.001463 - Estado leído: OFF
2026-03-31 13:09:35.002650 - Estado leído: OFF
2026-03-31 13:09:40.003871 - Estado leído: OFF
2026-03-31 13:09:45.005390 - Estado leído: OFF
2026-03-31 13:09:50.007696 - Estado leído: OFF
2026-03-31 13:09:55.009499 - Estado leído: OFF
2026-03-31 13:10:00.010737 - Estado leído: OFF
2026-03-31 13:10:05.012619 - Estado leído: OFF
2026-03-31 13:10:10.013993 - Estado leído: OFF
2026-03-31 13:10:15.015703 - Estado leído: OFF
2026-03-31 13:10:20.017949 - Estado leído: OFF
2026-03-31 13:10:25.019361 - Estado leído: OFF
2026-03-31 13:10:30.020339 - Estado leído: OFF
2026-03-31 13:10:35.022584 - Estado leído: OFF
2026-03-31 13:10:40.024900 - Estado leído: OFF
2026-03-31 13:10:45.026537 - Estado leído: OFF
2026-03-31 13:10:50.027672 - Estado leído: OFF
2026-03-31 13:10:55.029717 - Estado leído: OFF
2026-03-31 13:11:00.030851 - Estado leído: OFF
2026-03-31 13:11:05.032267 - Estado leído: OFF
2026-03-31 13:11:10.033709 - Estado leído: OFF
2026-03-31 13:11:15.034820 - Estado leído: OFF
2026-03-31 13:11:20.037179 - Estado leído: OFF
2026-03-31 13:11:25.039137 - Estado leído: OFF
2026-03-31 13:11:30.100998 - Estado leído: OFF
2026-03-31 13:11:35.102876 - Estado leído: OFF
2026-03-31 13:11:40.104866 - Estado leído: OFF
2026-03-31 13:11:45.107148 - Estado leído: OFF
2026-03-31 13:11:50.108241 - Estado leído: OFF
2026-03-31 13:11:55.113003 - Estado leído: OFF
2026-03-31 13:12:00.116508 - Estado leído: OFF
2026-03-31 13:12:05.117370 - Estado leído: OFF
2026-03-31 13:12:10.119350 - Estado leído: OFF
2026-03-31 13:12:15.126442 - Estado leído: OFF
2026-03-31 13:12:20.127976 - Estado leído: OFF
2026-03-31 13:12:25.129234 - Estado leído: OFF
2026-03-31 13:12:30.130994 - Estado leído: OFF
2026-03-31 13:12:35.132618 - Estado leído: OFF
2026-03-31 13:12:40.146621 - Estado leído: OFF
2026-03-31 13:12:45.147674 - Estado leído: OFF
2026-03-31 13:12:50.149288 - Estado leído: OFF
2026-03-31 13:12:55.175225 - Estado leído: OFF
2026-03-31 13:13:00.177762 - Estado leído: OFF
2026-03-31 13:13:05.179136 - Estado leído: OFF
2026-03-31 13:13:10.180481 - Estado leído: OFF
2026-03-31 13:13:15.184271 - Estado leído: OFF
2026-03-31 13:13:20.186535 - Estado leído: OFF
2026-03-31 13:13:25.187601 - Estado leído: OFF
2026-03-31 13:13:30.189116 - Estado leído: OFF
2026-03-31 13:13:35.191000 - Estado leído: OFF
2026-03-31 13:13:40.192325 - Estado leído: OFF
2026-03-31 13:13:45.194271 - Estado leído: OFF
2026-03-31 13:13:50.195920 - Estado leído: OFF
2026-03-31 13:13:55.197260 - Estado leído: OFF
2026-03-31 13:14:00.199046 - Estado leído: OFF
2026-03-31 13:14:05.201306 - Estado leído: OFF
2026-03-31 13:14:10.202638 - Estado leído: OFF
2026-03-31 13:14:15.205146 - Estado leído: OFF
2026-03-31 13:14:20.206865 - Estado leído: OFF
2026-03-31 13:14:25.209156 - Estado leído: OFF
2026-03-31 13:14:30.211096 - Estado leído: OFF
2026-03-31 13:14:35.252201 - Estado leído: OFF
2026-03-31 13:14:40.255054 - Estado leído: OFF
2026-03-31 13:14:45.256794 - Estado leído: OFF
2026-03-31 13:14:50.258053 - Estado leído: OFF
2026-03-31 13:14:55.260121 - Estado leído: OFF
2026-03-31 13:15:00.270855 - Estado leído: OFF
2026-03-31 13:15:05.272010 - Estado leído: OFF
2026-03-31 13:15:10.273612 - Estado leído: OFF
2026-03-31 13:15:15.275416 - Estado leído: OFF
2026-03-31 13:15:20.277679 - Estado leído: OFF
2026-03-31 13:15:25.279424 - Estado leído: OFF
2026-03-31 13:15:30.280267 - Estado leído: OFF
2026-03-31 13:15:35.281725 - Estado leído: OFF
2026-03-31 13:15:40.283112 - Estado leído: OFF
2026-03-31 13:15:45.284264 - Estado leído: OFF
2026-03-31 13:15:50.285690 - Estado leído: OFF
2026-03-31 13:15:55.289582 - Estado leído: OFF
2026-03-31 13:16:00.290880 - Estado cambiado: ON
2026-03-31 13:16:00.291890 - Estado leído: ON
2026-03-31 13:16:00.305974 - Encendiendo bot...
2026-03-31 13:16:15.311753 - Estado leído: ON
2026-03-31 13:16:20.321694 - Estado leído: ON
2026-03-31 13:16:25.326100 - Estado leído: ON
2026-03-31 13:16:30.331670 - Estado leído: ON
2026-03-31 13:16:35.339872 - Estado leído: ON
2026-03-31 13:16:40.345480 - Estado leído: ON
2026-03-31 13:16:45.349303 - Estado leído: ON
2026-03-31 13:16:50.353318 - Estado leído: ON
2026-03-31 13:16:55.357109 - Estado leído: ON
2026-03-31 13:17:00.361413 - Estado leído: ON
2026-03-31 13:17:05.365519 - Estado leído: ON
2026-03-31 13:17:10.369410 - Estado leído: ON
2026-03-31 13:17:15.449979 - Estado leído: ON
2026-03-31 13:17:20.456335 - Estado leído: ON
2026-03-31 13:17:25.461354 - Estado leído: ON
2026-03-31 13:17:30.465583 - Estado leído: ON
2026-03-31 13:17:35.470343 - Estado leído: ON
2026-03-31 13:17:40.473504 - Estado leído: ON
2026-03-31 13:17:45.556951 - Estado leído: ON
2026-03-31 13:17:50.576425 - Estado leído: ON
2026-03-31 13:17:55.580531 - Estado leído: ON
2026-03-31 13:18:00.584610 - Estado leído: ON
2026-03-31 13:18:05.588719 - Estado leído: ON
2026-03-31 13:18:10.593909 - Estado leído: ON
2026-03-31 13:18:15.598276 - Estado leído: ON
2026-03-31 13:18:20.602268 - Estado leído: ON
2026-03-31 13:18:25.607835 - Estado leído: ON
2026-03-31 13:18:30.612399 - Estado leído: ON
2026-03-31 13:18:35.618460 - Estado leído: ON
2026-03-31 13:18:40.622619 - Estado leído: ON
2026-03-31 13:18:45.627198 - Estado leído: ON
2026-03-31 13:18:50.630946 - Estado leído: ON
2026-03-31 13:18:55.635448 - Estado leído: ON
2026-03-31 13:19:00.640288 - Estado leído: ON
2026-03-31 13:19:05.644330 - Estado leído: ON
2026-03-31 13:19:10.648650 - Estado leído: ON
2026-03-31 13:19:15.653874 - Estado leído: ON
2026-03-31 13:19:20.657545 - Estado leído: ON
2026-03-31 13:19:25.661540 - Estado leído: ON
2026-03-31 13:19:30.665579 - Estado leído: ON
2026-03-31 13:19:35.670289 - Estado leído: ON
2026-03-31 13:19:40.674631 - Estado leído: ON
2026-03-31 13:19:45.678328 - Estado leído: ON
2026-03-31 13:19:50.682388 - Estado leído: ON
2026-03-31 13:19:55.687127 - Estado leído: ON
2026-03-31 13:20:00.691517 - Estado leído: ON
2026-03-31 13:20:05.696647 - Estado leído: ON
2026-03-31 13:20:10.701687 - Estado leído: ON
2026-03-31 13:20:15.706666 - Estado leído: ON
2026-03-31 13:20:20.711287 - Estado leído: ON
2026-03-31 13:20:25.719296 - Estado leído: ON
2026-03-31 13:20:30.722730 - Estado leído: ON
2026-03-31 13:20:35.727743 - Estado leído: ON
2026-03-31 13:20:40.731548 - Estado leído: ON
2026-03-31 13:20:45.735275 - Estado leído: ON
2026-03-31 13:20:50.739357 - Estado leído: ON
2026-03-31 13:20:55.782628 - Estado leído: ON
2026-03-31 13:21:00.833523 - Estado leído: ON
2026-03-31 13:21:05.838928 - Estado leído: ON
2026-03-31 13:21:10.843043 - Estado leído: ON
2026-03-31 13:21:15.846628 - Estado leído: ON
2026-03-31 13:21:20.850639 - Estado leído: ON
2026-03-31 13:21:25.855046 - Estado leído: ON
2026-03-31 13:21:30.859133 - Estado leído: ON
2026-03-31 13:21:35.863615 - Estado leído: ON
2026-03-31 13:21:40.867637 - Estado leído: ON
2026-03-31 13:21:45.872330 - Estado leído: ON
2026-03-31 13:21:50.876768 - Estado leído: ON
2026-03-31 13:21:55.880118 - Estado leído: ON
2026-03-31 13:22:00.884282 - Estado leído: ON
2026-03-31 13:22:05.888383 - Estado leído: ON
2026-03-31 13:22:10.892775 - Estado leído: ON
2026-03-31 13:22:15.897217 - Estado leído: ON
2026-03-31 13:22:20.903902 - Estado leído: ON
2026-03-31 13:22:25.917141 - Estado leído: ON
2026-03-31 13:22:30.921530 - Estado leído: ON
2026-03-31 13:22:35.925484 - Estado leído: ON
2026-03-31 13:22:40.929622 - Estado leído: ON
2026-03-31 13:22:45.934478 - Estado leído: ON
2026-03-31 13:22:50.937620 - Estado leído: ON
2026-03-31 13:22:55.942295 - Estado leído: ON
2026-03-31 13:23:00.946164 - Estado leído: ON
2026-03-31 13:23:05.950195 - Estado leído: ON
2026-03-31 13:23:10.955319 - Estado leído: ON
2026-03-31 13:23:15.959500 - Estado leído: ON
2026-03-31 13:23:20.964375 - Estado leído: ON
2026-03-31 13:23:25.969494 - Estado leído: ON
2026-03-31 13:23:30.974776 - Estado leído: ON
2026-03-31 13:23:35.978153 - Estado leído: ON
2026-03-31 13:23:40.981735 - Estado leído: ON
2026-03-31 13:23:45.986034 - Estado leído: ON
2026-03-31 13:23:50.990814 - Estado leído: ON
2026-03-31 13:23:55.994940 - Estado leído: ON
2026-03-31 13:24:01.001618 - Estado leído: ON
2026-03-31 13:24:06.005034 - Estado leído: ON
2026-03-31 13:24:11.010847 - Estado leído: ON
2026-03-31 13:24:16.023307 - Estado leído: ON
2026-03-31 13:24:21.028905 - Estado leído: ON
2026-03-31 13:24:26.034750 - Estado leído: ON
2026-03-31 13:24:31.038119 - Estado leído: ON
2026-03-31 13:24:36.042489 - Estado leído: ON
2026-03-31 13:24:41.047039 - Estado leído: ON
2026-03-31 13:24:46.051234 - Estado leído: ON
2026-03-31 13:24:51.056830 - Estado leído: ON
2026-03-31 13:24:56.060440 - Estado leído: ON
2026-03-31 13:25:01.065114 - Estado leído: ON
2026-03-31 13:25:06.069391 - Estado leído: ON
2026-03-31 13:25:11.073444 - Estado leído: ON
2026-03-31 13:25:16.078088 - Estado leído: ON
2026-03-31 13:25:21.082532 - Estado leído: ON
2026-03-31 13:25:26.086202 - Estado leído: ON
2026-03-31 13:25:31.091185 - Estado leído: ON
2026-03-31 13:25:36.096094 - Estado leído: ON
2026-03-31 13:25:41.099996 - Estado leído: ON
2026-03-31 13:25:46.105458 - Estado leído: ON
2026-03-31 13:25:51.111469 - Estado leído: ON
2026-03-31 13:25:56.115885 - Estado leído: ON
2026-03-31 13:26:01.120639 - Estado leído: ON
2026-03-31 13:26:06.187094 - Estado leído: ON
2026-03-31 13:26:11.197346 - Estado leído: ON
2026-03-31 13:26:16.202424 - Estado leído: ON
2026-03-31 13:26:21.207283 - Estado leído: ON
2026-03-31 13:26:26.213254 - Estado leído: ON
2026-03-31 13:26:31.220557 - Estado leído: ON
2026-03-31 13:26:36.224651 - Estado leído: ON
2026-03-31 13:26:41.228606 - Estado leído: ON
2026-03-31 13:26:46.233060 - Estado leído: ON
2026-03-31 13:26:51.237017 - Estado leído: ON
2026-03-31 13:26:56.241353 - Estado leído: ON
2026-03-31 13:27:01.244778 - Estado leído: ON
2026-03-31 13:27:06.259901 - Estado leído: ON
2026-03-31 13:27:11.281993 - Estado leído: ON
2026-03-31 13:27:16.287195 - Estado leído: ON
2026-03-31 13:27:21.291110 - Estado leído: ON
2026-03-31 13:27:26.299476 - Estado leído: ON
2026-03-31 13:27:31.306929 - Estado leído: ON
2026-03-31 13:27:36.311394 - Estado leído: ON
2026-03-31 13:27:41.315390 - Estado leído: ON
2026-03-31 13:27:46.320302 - Estado leído: ON
2026-03-31 13:27:51.326356 - Estado leído: ON
2026-03-31 13:27:56.331121 - Estado leído: ON
2026-03-31 13:28:01.335891 - Estado leído: ON
2026-03-31 13:28:06.340392 - Estado leído: ON
2026-03-31 13:28:11.345612 - Estado leído: ON
2026-03-31 13:28:16.350383 - Estado leído: ON
2026-03-31 13:28:21.354736 - Estado leído: ON
2026-03-31 13:28:26.359105 - Estado leído: ON
2026-03-31 13:28:31.363084 - Estado leído: ON
2026-03-31 13:28:36.368347 - Estado leído: ON
2026-03-31 13:28:41.371674 - Estado leído: ON
2026-03-31 13:28:46.376532 - Estado leído: ON
2026-03-31 13:28:51.380333 - Estado leído: ON
2026-03-31 13:28:56.385810 - Estado leído: ON
2026-03-31 13:29:01.390062 - Estado leído: ON
2026-03-31 13:29:06.394800 - Estado leído: ON
2026-03-31 13:29:11.399416 - Estado leído: ON
2026-03-31 13:29:16.402736 - Estado leído: ON
2026-03-31 13:29:21.406973 - Estado leído: ON
2026-03-31 13:29:26.411321 - Estado leído: ON
2026-03-31 13:29:31.415566 - Estado leído: ON
2026-03-31 13:29:36.420081 - Estado leído: ON
2026-03-31 13:29:41.424506 - Estado leído: ON
2026-03-31 13:29:46.429229 - Estado leído: ON
2026-03-31 13:29:51.432764 - Estado leído: ON
2026-03-31 13:29:56.438207 - Estado leído: ON
2026-03-31 13:30:01.441499 - Estado leído: ON
2026-03-31 13:30:06.445862 - Estado leído: ON
2026-03-31 13:30:11.450549 - Estado leído: ON
2026-03-31 13:30:16.454999 - Estado leído: ON
2026-03-31 13:30:21.458761 - Estado leído: ON
2026-03-31 13:30:26.463207 - Estado leído: ON
2026-03-31 13:30:31.467712 - Estado leído: ON
2026-03-31 13:30:36.471589 - Estado leído: ON
2026-03-31 13:30:41.475205 - Estado leído: ON
2026-03-31 13:30:46.479526 - Estado leído: ON
2026-03-31 13:30:51.484753 - Estado leído: ON
2026-03-31 13:30:56.488303 - Estado leído: ON
2026-03-31 13:31:01.492546 - Estado leído: ON
2026-03-31 13:31:06.497266 - Estado leído: ON
2026-03-31 13:31:11.500922 - Estado leído: ON
2026-03-31 13:31:16.504657 - Estado leído: ON
2026-03-31 13:31:21.509865 - Estado leído: ON
2026-03-31 13:31:26.513410 - Estado leído: ON
2026-03-31 13:31:31.524887 - Estado leído: ON
2026-03-31 13:31:36.529095 - Estado leído: ON
2026-03-31 13:31:41.533169 - Estado leído: ON
2026-03-31 13:31:46.537614 - Estado leído: ON
2026-03-31 13:31:51.542852 - Estado leído: ON
2026-03-31 13:31:56.547092 - Estado leído: ON
2026-03-31 13:32:01.552212 - Estado leído: ON
2026-03-31 13:32:06.556603 - Estado leído: ON
2026-03-31 13:32:11.560686 - Estado leído: ON
2026-03-31 13:32:16.564690 - Estado leído: ON
2026-03-31 13:32:21.568902 - Estado leído: ON
2026-03-31 13:32:26.574127 - Estado leído: ON
2026-03-31 13:32:31.577846 - Estado leído: ON
2026-03-31 13:32:36.581962 - Estado leído: ON
2026-03-31 13:32:41.586114 - Estado leído: ON
2026-03-31 13:32:46.590497 - Estado leído: ON
2026-03-31 13:32:51.594575 - Estado leído: ON
2026-03-31 13:32:56.599219 - Estado leído: ON
2026-03-31 13:33:01.602751 - Estado leído: ON
2026-03-31 13:33:06.607381 - Estado leído: ON
2026-03-31 13:33:11.612147 - Estado leído: ON
2026-03-31 13:33:16.615292 - Estado leído: ON
2026-03-31 13:33:21.619557 - Estado leído: ON
2026-03-31 13:33:26.624712 - Estado leído: ON
2026-03-31 13:33:31.629188 - Estado leído: ON
2026-03-31 13:33:36.632380 - Estado leído: ON
2026-03-31 13:33:41.637038 - Estado leído: ON
2026-03-31 13:33:46.641460 - Estado leído: ON
2026-03-31 13:33:51.645346 - Estado leído: ON
2026-03-31 13:33:56.649242 - Estado leído: ON
2026-03-31 13:34:01.653476 - Estado leído: ON
2026-03-31 13:34:06.659041 - Estado leído: ON
2026-03-31 13:34:11.664877 - Estado leído: ON
2026-03-31 13:34:16.668918 - Estado leído: ON
2026-03-31 13:34:21.673260 - Estado leído: ON
2026-03-31 13:34:26.677566 - Estado leído: ON
2026-03-31 13:34:31.681724 - Estado leído: ON
2026-03-31 13:34:36.685737 - Estado leído: ON
2026-03-31 13:34:41.689548 - Estado leído: ON
2026-03-31 13:34:46.693771 - Estado leído: ON
2026-03-31 13:34:51.697862 - Estado leído: ON
2026-03-31 13:34:56.701743 - Estado leído: ON
2026-03-31 13:35:01.705981 - Estado leído: ON
2026-03-31 13:35:06.710257 - Estado leído: ON
2026-03-31 13:35:11.714020 - Estado leído: ON
2026-03-31 13:35:16.717891 - Estado leído: ON
2026-03-31 13:35:21.721567 - Estado leído: ON
2026-03-31 13:35:26.725484 - Estado leído: ON
2026-03-31 13:35:31.729311 - Estado leído: ON
2026-03-31 13:35:36.733138 - Estado leído: ON
2026-03-31 13:35:41.737452 - Estado leído: ON
2026-03-31 13:35:46.741898 - Estado leído: ON
2026-03-31 13:35:51.746183 - Estado leído: ON
2026-03-31 13:35:56.750389 - Estado leído: ON
2026-03-31 13:36:01.754828 - Estado leído: ON
2026-03-31 13:36:06.759340 - Estado leído: ON
2026-03-31 13:36:11.764389 - Estado leído: ON
2026-03-31 13:36:16.767986 - Estado leído: ON
2026-03-31 13:36:21.772008 - Estado leído: ON
2026-03-31 13:36:26.776189 - Estado leído: ON
2026-03-31 13:36:31.781610 - Estado leído: ON
2026-03-31 13:36:36.784808 - Estado leído: ON
2026-03-31 13:36:41.788838 - Estado leído: ON
2026-03-31 13:36:46.792715 - Estado leído: ON
2026-03-31 13:36:51.796339 - Estado leído: ON
2026-03-31 13:36:56.800806 - Estado leído: ON
2026-03-31 13:37:01.811982 - Estado leído: ON
2026-03-31 13:37:06.822217 - Estado leído: ON
2026-03-31 13:37:11.826852 - Estado leído: ON
2026-03-31 13:37:16.831516 - Estado leído: ON
2026-03-31 13:37:21.836147 - Estado leído: ON
2026-03-31 13:37:26.839838 - Estado leído: ON
2026-03-31 13:37:31.843211 - Estado leído: ON
2026-03-31 13:37:36.846988 - Estado leído: ON
2026-03-31 13:37:41.851952 - Estado leído: ON
2026-03-31 13:37:46.856779 - Estado leído: ON
2026-03-31 13:37:51.862189 - Estado leído: ON
2026-03-31 13:37:56.867289 - Estado leído: ON
2026-03-31 13:38:01.871598 - Estado leído: ON
2026-03-31 13:38:06.876139 - Estado leído: ON
2026-03-31 13:38:11.880689 - Estado leído: ON
2026-03-31 13:38:16.885578 - Estado leído: ON
2026-03-31 13:38:21.889865 - Estado leído: ON
2026-03-31 13:38:26.893756 - Estado leído: ON
2026-03-31 13:38:31.897755 - Estado leído: ON
2026-03-31 13:38:36.904652 - Estado leído: ON
2026-03-31 13:38:41.908820 - Estado leído: ON
2026-03-31 13:38:46.912949 - Estado leído: ON
2026-03-31 13:38:51.917311 - Estado leído: ON
2026-03-31 13:38:56.921041 - Estado leído: ON
2026-03-31 13:39:01.925052 - Estado leído: ON
2026-03-31 13:39:06.931587 - Estado leído: ON
2026-03-31 13:39:11.936750 - Estado leído: ON
2026-03-31 13:39:16.940393 - Estado leído: ON
2026-03-31 13:39:21.945607 - Estado leído: ON
2026-03-31 13:39:26.950217 - Estado leído: ON
2026-03-31 13:39:31.956317 - Estado leído: ON
2026-03-31 13:39:36.960182 - Estado leído: ON
2026-03-31 13:39:41.965028 - Estado leído: ON
2026-03-31 13:39:46.970706 - Estado leído: ON
2026-03-31 13:39:51.974994 - Estado leído: ON
2026-03-31 13:39:56.979120 - Estado leído: ON
2026-03-31 13:40:01.984792 - Estado leído: ON
2026-03-31 13:40:06.987881 - Estado leído: ON
2026-03-31 13:40:11.992798 - Estado leído: ON
2026-03-31 13:40:17.005169 - Estado leído: ON
2026-03-31 13:40:22.009127 - Estado leído: ON
2026-03-31 13:40:27.013116 - Estado leído: ON
2026-03-31 13:40:32.017589 - Estado leído: ON
2026-03-31 13:40:37.022048 - Estado leído: ON
2026-03-31 13:40:42.027992 - Estado leído: ON
2026-03-31 13:40:47.033285 - Estado leído: ON
2026-03-31 13:40:52.036833 - Estado leído: ON
2026-03-31 13:40:57.041105 - Estado leído: ON
2026-03-31 13:41:02.047456 - Estado leído: ON
2026-03-31 13:41:07.052018 - Estado leído: ON
2026-03-31 13:41:12.056323 - Estado leído: ON
2026-03-31 13:41:17.061443 - Estado leído: ON
2026-03-31 13:41:22.065750 - Estado leído: ON
2026-03-31 13:41:27.069860 - Estado leído: ON
2026-03-31 13:41:32.074657 - Estado leído: ON
2026-03-31 13:41:37.078921 - Estado leído: ON
2026-03-31 13:41:42.083234 - Estado leído: ON
2026-03-31 13:41:47.088414 - Estado leído: ON
2026-03-31 13:41:52.094820 - Estado leído: ON
2026-03-31 13:41:57.098027 - Estado leído: ON
2026-03-31 13:42:02.102966 - Estado leído: ON
2026-03-31 13:42:07.107913 - Estado leído: ON
2026-03-31 13:42:12.111437 - Estado leído: ON
2026-03-31 13:42:17.115619 - Estado leído: ON
2026-03-31 13:42:22.120977 - Estado leído: ON
2026-03-31 13:42:27.125473 - Estado leído: ON
2026-03-31 13:42:32.129781 - Estado leído: ON
2026-03-31 13:42:37.134576 - Estado leído: ON
2026-03-31 13:42:42.138149 - Estado leído: ON
2026-03-31 13:42:47.143931 - Estado leído: ON
2026-03-31 13:42:52.148888 - Estado leído: ON
2026-03-31 13:42:57.153363 - Estado leído: ON
2026-03-31 13:43:02.156727 - Estado leído: ON
2026-03-31 13:43:07.160471 - Estado leído: ON
2026-03-31 13:43:12.165152 - Estado leído: ON
2026-03-31 13:43:17.169453 - Estado leído: ON
2026-03-31 13:43:22.173044 - Estado leído: ON
2026-03-31 13:43:27.179274 - Estado leído: ON
2026-03-31 13:43:32.188925 - Estado leído: ON
2026-03-31 13:43:37.193098 - Estado leído: ON
2026-03-31 13:43:42.198206 - Estado leído: ON
2026-03-31 13:43:47.201712 - Estado leído: ON
2026-03-31 13:43:52.206909 - Estado leído: ON
2026-03-31 13:43:57.211938 - Estado leído: ON
2026-03-31 13:44:02.215974 - Estado leído: ON
2026-03-31 13:44:07.220741 - Estado leído: ON
2026-03-31 13:44:12.224898 - Estado leído: ON
2026-03-31 13:44:17.229966 - Estado leído: ON
2026-03-31 13:44:22.234297 - Estado leído: ON
2026-03-31 13:44:27.239016 - Estado leído: ON
2026-03-31 13:44:32.243550 - Estado leído: ON
2026-03-31 13:44:37.248431 - Estado leído: ON
2026-03-31 13:44:42.252915 - Estado leído: ON
2026-03-31 13:44:47.257511 - Estado leído: ON
2026-03-31 13:44:52.262772 - Estado leído: ON
2026-03-31 13:44:57.292678 - Estado leído: ON
2026-03-31 13:45:02.318264 - Estado leído: ON
2026-03-31 13:45:07.324282 - Estado leído: ON
2026-03-31 13:45:12.328070 - Estado leído: ON
2026-03-31 13:45:17.333569 - Estado leído: ON
2026-03-31 13:45:22.337212 - Estado leído: ON
2026-03-31 13:45:27.340927 - Estado leído: ON
2026-03-31 13:45:32.345469 - Estado leído: ON
2026-03-31 13:45:37.349840 - Estado leído: ON
2026-03-31 13:45:42.354377 - Estado leído: ON
2026-03-31 13:45:47.358276 - Estado leído: ON
2026-03-31 13:45:52.364504 - Estado leído: ON
2026-03-31 13:45:57.368254 - Estado leído: ON
2026-03-31 13:46:02.377378 - Estado leído: ON
2026-03-31 13:46:07.388195 - Estado leído: ON
2026-03-31 13:46:12.393095 - Estado leído: ON
2026-03-31 13:46:17.397209 - Estado leído: ON
2026-03-31 13:46:22.400990 - Estado leído: ON
2026-03-31 13:46:27.405843 - Estado leído: ON
2026-03-31 13:46:32.413076 - Estado leído: ON
2026-03-31 13:46:37.420103 - Estado leído: ON
2026-03-31 13:46:42.424846 - Estado leído: ON
2026-03-31 13:46:47.428738 - Estado leído: ON
2026-03-31 13:46:52.432961 - Estado leído: ON
2026-03-31 13:46:57.438242 - Estado leído: ON
2026-03-31 13:47:02.442968 - Estado leído: ON
2026-03-31 13:47:07.447413 - Estado leído: ON
2026-03-31 13:47:12.453198 - Estado leído: ON
2026-03-31 13:47:17.459504 - Estado leído: ON
2026-03-31 13:47:22.463903 - Estado leído: ON
2026-03-31 13:47:27.467767 - Estado cambiado: OFF
2026-03-31 13:47:27.468784 - Estado leído: OFF
2026-03-31 13:47:32.469506 - Estado leído: OFF
2026-03-31 13:47:37.470960 - Estado leído: OFF
2026-03-31 13:47:42.473347 - Estado leído: OFF
2026-03-31 13:47:47.473792 - Estado leído: OFF
2026-03-31 13:47:52.475447 - Estado leído: OFF
2026-03-31 13:47:57.477062 - Estado leído: OFF
2026-03-31 13:48:02.478796 - Estado leído: OFF
2026-03-31 13:48:07.480252 - Estado leído: OFF
2026-03-31 13:48:12.480942 - Estado leído: OFF
2026-03-31 13:48:17.481880 - Estado leído: OFF
2026-03-31 13:48:22.483717 - Estado leído: OFF
2026-03-31 13:48:27.484568 - Estado leído: OFF
2026-03-31 13:48:32.486408 - Estado leído: OFF
2026-03-31 13:48:37.487887 - Estado leído: OFF
2026-03-31 13:48:42.489203 - Estado leído: OFF
2026-03-31 13:48:47.491000 - Estado leído: OFF
2026-03-31 13:48:52.491521 - Estado leído: OFF
2026-03-31 13:48:57.493145 - Estado leído: OFF
2026-03-31 13:49:02.495086 - Estado leído: OFF
2026-03-31 13:49:07.496015 - Estado leído: OFF
2026-03-31 13:49:12.498040 - Estado leído: OFF
2026-03-31 13:49:17.499287 - Estado leído: OFF
2026-03-31 13:49:22.500798 - Estado leído: OFF
2026-03-31 13:49:27.503107 - Estado leído: OFF
2026-03-31 13:49:32.503684 - Estado leído: OFF
2026-03-31 13:49:37.505925 - Estado leído: OFF
2026-03-31 13:49:42.507501 - Estado cambiado: ON
2026-03-31 13:49:42.507501 - Estado leído: ON
2026-03-31 13:49:42.520076 - Encendiendo bot...
2026-03-31 13:49:57.524866 - Estado leído: ON
2026-03-31 13:50:02.528953 - Estado leído: ON
2026-03-31 13:50:07.534301 - Estado leído: ON
